
2023-08-25 06:11:52,249 - root - INFO - Epoch: 40, train_Loss: 8.0078
2023-08-25 06:11:52,249 - root - INFO - Epoch: 40, hmap_Loss: 6.4252
2023-08-25 06:11:52,249 - root - INFO - Epoch: 40, r_Loss: 0.6478
2023-08-25 06:11:52,249 - root - INFO - Epoch: 40, whd_Loss: 7.9108
2023-08-25 06:25:06,242 - root - INFO - Epoch: 41, train_Loss: 7.7976
2023-08-25 06:25:06,242 - root - INFO - Epoch: 41, hmap_Loss: 6.4045
2023-08-25 06:25:06,242 - root - INFO - Epoch: 41, r_Loss: 0.8473
2023-08-25 06:25:06,242 - root - INFO - Epoch: 41, whd_Loss: 8.1660
2023-08-25 06:38:21,403 - root - INFO - Epoch: 42, train_Loss: 7.6908
2023-08-25 06:38:21,403 - root - INFO - Epoch: 42, hmap_Loss: 5.3481
2023-08-25 06:38:21,404 - root - INFO - Epoch: 42, r_Loss: 0.9052
2023-08-25 06:38:21,404 - root - INFO - Epoch: 42, whd_Loss: 8.2550
2023-08-25 06:51:37,541 - root - INFO - Epoch: 43, train_Loss: 7.6484
2023-08-25 06:51:37,542 - root - INFO - Epoch: 43, hmap_Loss: 6.3362
2023-08-25 06:51:37,542 - root - INFO - Epoch: 43, r_Loss: 0.7877
2023-08-25 06:51:37,542 - root - INFO - Epoch: 43, whd_Loss: 38.1190
2023-08-25 07:05:31,335 - root - INFO - Epoch: 44, train_Loss: 7.3884
2023-08-25 07:05:31,336 - root - INFO - Epoch: 44, hmap_Loss: 6.3224
2023-08-25 07:05:31,336 - root - INFO - Epoch: 44, r_Loss: 0.8669
2023-08-25 07:05:31,336 - root - INFO - Epoch: 44, whd_Loss: 5.1980
2023-08-25 07:19:34,870 - root - INFO - Epoch: 45, train_Loss: 7.2587
2023-08-25 07:19:34,871 - root - INFO - Epoch: 45, hmap_Loss: 3.7023
2023-08-25 07:19:34,871 - root - INFO - Epoch: 45, r_Loss: 0.9270
2023-08-25 07:19:34,871 - root - INFO - Epoch: 45, whd_Loss: 56.7964
2023-08-25 07:33:31,741 - root - INFO - Epoch: 46, train_Loss: 6.5134
2023-08-25 07:33:31,742 - root - INFO - Epoch: 46, hmap_Loss: 4.7068
2023-08-25 07:33:31,742 - root - INFO - Epoch: 46, r_Loss: 0.7093
2023-08-25 07:33:31,742 - root - INFO - Epoch: 46, whd_Loss: 5.1159
2023-08-25 07:46:43,803 - root - INFO - Epoch: 47, train_Loss: 5.9344
2023-08-25 07:46:43,803 - root - INFO - Epoch: 47, hmap_Loss: 6.6215
2023-08-25 07:46:43,803 - root - INFO - Epoch: 47, r_Loss: 0.3979
2023-08-25 07:46:43,803 - root - INFO - Epoch: 47, whd_Loss: 10.4909
2023-08-25 08:00:31,413 - root - INFO - Epoch: 48, train_Loss: 5.4222
2023-08-25 08:00:31,414 - root - INFO - Epoch: 48, hmap_Loss: 3.2310
2023-08-25 08:00:31,414 - root - INFO - Epoch: 48, r_Loss: 0.8403
2023-08-25 08:00:31,414 - root - INFO - Epoch: 48, whd_Loss: 4.8968
2023-08-25 08:13:42,238 - root - INFO - Epoch: 49, train_Loss: 5.4274
2023-08-25 08:13:42,238 - root - INFO - Epoch: 49, hmap_Loss: 5.8107
2023-08-25 08:13:42,239 - root - INFO - Epoch: 49, r_Loss: 0.4828
2023-08-25 08:13:42,239 - root - INFO - Epoch: 49, whd_Loss: 6.7914
2023-08-25 08:14:41,046 - root - INFO - Epoch: 50, valid_Loss: 6.7429
2023-08-25 08:14:41,047 - root - INFO - Epoch: 50, valid_hmap_Loss: 233.2499
2023-08-25 08:14:41,047 - root - INFO - Epoch: 50, valid_r_Loss: 40.4836
2023-08-25 08:14:41,047 - root - INFO - Epoch: 50, valid_whd_Loss: 836.4054
2023-08-25 08:28:05,195 - root - INFO - Epoch: 50, train_Loss: 5.1616
2023-08-25 08:28:05,195 - root - INFO - Epoch: 50, hmap_Loss: 4.2594
2023-08-25 08:28:05,195 - root - INFO - Epoch: 50, r_Loss: 0.7638
2023-08-25 08:28:05,195 - root - INFO - Epoch: 50, whd_Loss: 7.3338
2023-08-25 08:41:38,349 - root - INFO - Epoch: 51, train_Loss: 4.9906
2023-08-25 08:41:38,349 - root - INFO - Epoch: 51, hmap_Loss: 2.5807
2023-08-25 08:41:38,349 - root - INFO - Epoch: 51, r_Loss: 1.0416
2023-08-25 08:41:38,349 - root - INFO - Epoch: 51, whd_Loss: 11.5257
2023-08-25 08:55:07,626 - root - INFO - Epoch: 52, train_Loss: 4.9554
2023-08-25 08:55:07,626 - root - INFO - Epoch: 52, hmap_Loss: 1.9998
2023-08-25 08:55:07,626 - root - INFO - Epoch: 52, r_Loss: 0.8126
2023-08-25 08:55:07,626 - root - INFO - Epoch: 52, whd_Loss: 23.7484
2023-08-25 09:08:31,899 - root - INFO - Epoch: 53, train_Loss: 4.6977
2023-08-25 09:08:31,900 - root - INFO - Epoch: 53, hmap_Loss: 2.3982
2023-08-25 09:08:31,900 - root - INFO - Epoch: 53, r_Loss: 0.6875
2023-08-25 09:08:31,900 - root - INFO - Epoch: 53, whd_Loss: 5.0701
2023-08-25 09:22:12,363 - root - INFO - Epoch: 54, train_Loss: 4.5871
2023-08-25 09:22:12,363 - root - INFO - Epoch: 54, hmap_Loss: 1.7647
2023-08-25 09:22:12,363 - root - INFO - Epoch: 54, r_Loss: 0.9000
2023-08-25 09:22:12,363 - root - INFO - Epoch: 54, whd_Loss: 4.4501
2023-08-25 09:35:30,599 - root - INFO - Epoch: 55, train_Loss: 4.6238
2023-08-25 09:35:30,599 - root - INFO - Epoch: 55, hmap_Loss: 1.4875
2023-08-25 09:35:30,599 - root - INFO - Epoch: 55, r_Loss: 0.6591
2023-08-25 09:35:30,599 - root - INFO - Epoch: 55, whd_Loss: 4.4679
2023-08-25 09:48:48,958 - root - INFO - Epoch: 56, train_Loss: 4.5266
2023-08-25 09:48:48,958 - root - INFO - Epoch: 56, hmap_Loss: 3.4525
2023-08-25 09:48:48,958 - root - INFO - Epoch: 56, r_Loss: 1.1779
2023-08-25 09:48:48,958 - root - INFO - Epoch: 56, whd_Loss: 1.2202
2023-08-25 10:02:32,192 - root - INFO - Epoch: 57, train_Loss: 4.4935
2023-08-25 10:02:32,192 - root - INFO - Epoch: 57, hmap_Loss: 1.7427
2023-08-25 10:02:32,192 - root - INFO - Epoch: 57, r_Loss: 0.6930
2023-08-25 10:02:32,193 - root - INFO - Epoch: 57, whd_Loss: 18.6333
2023-08-25 10:15:55,216 - root - INFO - Epoch: 58, train_Loss: 4.2319
2023-08-25 10:15:55,216 - root - INFO - Epoch: 58, hmap_Loss: 1.2029
2023-08-25 10:15:55,216 - root - INFO - Epoch: 58, r_Loss: 0.7591
2023-08-25 10:15:55,216 - root - INFO - Epoch: 58, whd_Loss: 7.2935
2023-08-25 10:29:39,010 - root - INFO - Epoch: 59, train_Loss: 4.2122
2023-08-25 10:29:39,010 - root - INFO - Epoch: 59, hmap_Loss: 0.2126
2023-08-25 10:29:39,010 - root - INFO - Epoch: 59, r_Loss: 0.0000
2023-08-25 10:29:39,011 - root - INFO - Epoch: 59, whd_Loss: 0.0000
2023-08-25 10:30:38,333 - root - INFO - Epoch: 60, valid_Loss: 4.5979
2023-08-25 10:30:38,333 - root - INFO - Epoch: 60, valid_hmap_Loss: 127.8969
2023-08-25 10:30:38,333 - root - INFO - Epoch: 60, valid_r_Loss: 35.9600
2023-08-25 10:30:38,333 - root - INFO - Epoch: 60, valid_whd_Loss: 798.3270
2023-08-25 10:44:03,864 - root - INFO - Epoch: 60, train_Loss: 4.0480
2023-08-25 10:44:03,864 - root - INFO - Epoch: 60, hmap_Loss: 2.3065
2023-08-25 10:44:03,864 - root - INFO - Epoch: 60, r_Loss: 0.6855
2023-08-25 10:44:03,864 - root - INFO - Epoch: 60, whd_Loss: 19.0894
2023-08-25 10:57:32,432 - root - INFO - Epoch: 61, train_Loss: 3.9615
2023-08-25 10:57:32,432 - root - INFO - Epoch: 61, hmap_Loss: 1.5577
2023-08-25 10:57:32,432 - root - INFO - Epoch: 61, r_Loss: 0.6959
2023-08-25 10:57:32,432 - root - INFO - Epoch: 61, whd_Loss: 4.3058
2023-08-25 11:11:10,427 - root - INFO - Epoch: 62, train_Loss: 3.9393
2023-08-25 11:11:10,451 - root - INFO - Epoch: 62, hmap_Loss: 2.4410
2023-08-25 11:11:10,451 - root - INFO - Epoch: 62, r_Loss: 0.6638
2023-08-25 11:11:10,451 - root - INFO - Epoch: 62, whd_Loss: 5.3536
2023-08-25 11:24:53,701 - root - INFO - Epoch: 63, train_Loss: 3.9735
2023-08-25 11:24:53,712 - root - INFO - Epoch: 63, hmap_Loss: 4.7221
2023-08-25 11:24:53,712 - root - INFO - Epoch: 63, r_Loss: 0.5638
2023-08-25 11:24:53,712 - root - INFO - Epoch: 63, whd_Loss: 15.2623
2023-08-25 11:37:46,704 - root - INFO - Epoch: 64, train_Loss: 3.9136
2023-08-25 11:37:46,724 - root - INFO - Epoch: 64, hmap_Loss: 0.0748
2023-08-25 11:37:46,725 - root - INFO - Epoch: 64, r_Loss: 0.0000
2023-08-25 11:37:46,725 - root - INFO - Epoch: 64, whd_Loss: 0.0000
2023-08-25 11:50:53,781 - root - INFO - Epoch: 65, train_Loss: 3.6840
2023-08-25 11:50:53,795 - root - INFO - Epoch: 65, hmap_Loss: 1.1222
2023-08-25 11:50:53,795 - root - INFO - Epoch: 65, r_Loss: 0.9068
2023-08-25 11:50:53,796 - root - INFO - Epoch: 65, whd_Loss: 7.7398
2023-08-25 12:04:50,355 - root - INFO - Epoch: 66, train_Loss: 3.7009
2023-08-25 12:04:50,371 - root - INFO - Epoch: 66, hmap_Loss: 8.9300
2023-08-25 12:04:50,372 - root - INFO - Epoch: 66, r_Loss: 0.7053
2023-08-25 12:04:50,372 - root - INFO - Epoch: 66, whd_Loss: 7.5559
2023-08-25 12:18:54,710 - root - INFO - Epoch: 67, train_Loss: 3.7657
2023-08-25 12:18:54,720 - root - INFO - Epoch: 67, hmap_Loss: 0.5221
2023-08-25 12:18:54,721 - root - INFO - Epoch: 67, r_Loss: 0.8230
2023-08-25 12:18:54,721 - root - INFO - Epoch: 67, whd_Loss: 8.2865
2023-08-25 12:32:18,581 - root - INFO - Epoch: 68, train_Loss: 3.5487
2023-08-25 12:32:18,598 - root - INFO - Epoch: 68, hmap_Loss: 2.6110
2023-08-25 12:32:18,599 - root - INFO - Epoch: 68, r_Loss: 0.4188
2023-08-25 12:32:18,599 - root - INFO - Epoch: 68, whd_Loss: 0.8880
2023-08-25 12:45:29,984 - root - INFO - Epoch: 69, train_Loss: 3.5321
2023-08-25 12:45:29,999 - root - INFO - Epoch: 69, hmap_Loss: 2.6380
2023-08-25 12:45:30,000 - root - INFO - Epoch: 69, r_Loss: 0.7918
2023-08-25 12:45:30,000 - root - INFO - Epoch: 69, whd_Loss: 5.1022
2023-08-25 12:46:27,702 - root - INFO - Epoch: 70, valid_Loss: 4.9649
2023-08-25 12:46:27,708 - root - INFO - Epoch: 70, valid_hmap_Loss: 135.9783
2023-08-25 12:46:27,708 - root - INFO - Epoch: 70, valid_r_Loss: 40.9458
2023-08-25 12:46:27,708 - root - INFO - Epoch: 70, valid_whd_Loss: 862.1371
2023-08-25 12:59:31,688 - root - INFO - Epoch: 70, train_Loss: 3.4010
2023-08-25 12:59:31,693 - root - INFO - Epoch: 70, hmap_Loss: 0.8332
2023-08-25 12:59:31,694 - root - INFO - Epoch: 70, r_Loss: 0.9965
2023-08-25 12:59:31,694 - root - INFO - Epoch: 70, whd_Loss: 6.7892
2023-08-25 13:12:44,865 - root - INFO - Epoch: 71, train_Loss: 3.6923
2023-08-25 13:12:44,886 - root - INFO - Epoch: 71, hmap_Loss: 0.6226
2023-08-25 13:12:44,886 - root - INFO - Epoch: 71, r_Loss: 0.7587
2023-08-25 13:12:44,886 - root - INFO - Epoch: 71, whd_Loss: 7.8762
2023-08-25 13:26:10,357 - root - INFO - Epoch: 72, train_Loss: 3.4444
2023-08-25 13:26:10,357 - root - INFO - Epoch: 72, hmap_Loss: 1.1477
2023-08-25 13:26:10,357 - root - INFO - Epoch: 72, r_Loss: 1.0304
2023-08-25 13:26:10,357 - root - INFO - Epoch: 72, whd_Loss: 7.9396
2023-08-25 13:39:49,012 - root - INFO - Epoch: 73, train_Loss: 3.3799
2023-08-25 13:39:49,012 - root - INFO - Epoch: 73, hmap_Loss: 0.0425
2023-08-25 13:39:49,012 - root - INFO - Epoch: 73, r_Loss: 0.0000
2023-08-25 13:39:49,012 - root - INFO - Epoch: 73, whd_Loss: 0.0000
2023-08-25 13:53:28,907 - root - INFO - Epoch: 74, train_Loss: 3.5306
2023-08-25 13:53:28,908 - root - INFO - Epoch: 74, hmap_Loss: 4.7973
2023-08-25 13:53:28,908 - root - INFO - Epoch: 74, r_Loss: 0.5543
2023-08-25 13:53:28,908 - root - INFO - Epoch: 74, whd_Loss: 4.6210
2023-08-25 14:07:32,273 - root - INFO - Epoch: 75, train_Loss: 3.3436
2023-08-25 14:07:32,273 - root - INFO - Epoch: 75, hmap_Loss: 2.0807
2023-08-25 14:07:32,273 - root - INFO - Epoch: 75, r_Loss: 0.7331
2023-08-25 14:07:32,273 - root - INFO - Epoch: 75, whd_Loss: 63.7925
2023-08-25 14:21:00,979 - root - INFO - Epoch: 76, train_Loss: 3.2216
2023-08-25 14:21:00,979 - root - INFO - Epoch: 76, hmap_Loss: 0.6422
2023-08-25 14:21:00,980 - root - INFO - Epoch: 76, r_Loss: 0.5994
2023-08-25 14:21:00,980 - root - INFO - Epoch: 76, whd_Loss: 5.8900
2023-08-25 14:34:31,905 - root - INFO - Epoch: 77, train_Loss: 3.3779
2023-08-25 14:34:31,905 - root - INFO - Epoch: 77, hmap_Loss: 0.4025
2023-08-25 14:34:31,905 - root - INFO - Epoch: 77, r_Loss: 0.5741
2023-08-25 14:34:31,905 - root - INFO - Epoch: 77, whd_Loss: 10.2006
2023-08-25 14:48:19,606 - root - INFO - Epoch: 78, train_Loss: 3.2586
2023-08-25 14:48:19,606 - root - INFO - Epoch: 78, hmap_Loss: 0.7122
2023-08-25 14:48:19,607 - root - INFO - Epoch: 78, r_Loss: 0.8808
2023-08-25 14:48:19,607 - root - INFO - Epoch: 78, whd_Loss: 12.6603
2023-08-25 15:02:05,795 - root - INFO - Epoch: 79, train_Loss: 3.1375
2023-08-25 15:02:05,795 - root - INFO - Epoch: 79, hmap_Loss: 0.7560
2023-08-25 15:02:05,796 - root - INFO - Epoch: 79, r_Loss: 0.7514
2023-08-25 15:02:05,796 - root - INFO - Epoch: 79, whd_Loss: 2.6426
2023-08-25 15:03:05,861 - root - INFO - Epoch: 80, valid_Loss: 4.8875
2023-08-25 15:03:05,861 - root - INFO - Epoch: 80, valid_hmap_Loss: 124.9511
2023-08-25 15:03:05,861 - root - INFO - Epoch: 80, valid_r_Loss: 40.1505
2023-08-25 15:03:05,862 - root - INFO - Epoch: 80, valid_whd_Loss: 939.3443
2023-08-25 15:17:04,264 - root - INFO - Epoch: 80, train_Loss: 3.3107
2023-08-25 15:17:04,264 - root - INFO - Epoch: 80, hmap_Loss: 0.8955
2023-08-25 15:17:04,264 - root - INFO - Epoch: 80, r_Loss: 0.8450
2023-08-25 15:17:04,264 - root - INFO - Epoch: 80, whd_Loss: 9.1577
2023-08-25 15:30:48,372 - root - INFO - Epoch: 81, train_Loss: 3.2189
2023-08-25 15:30:48,373 - root - INFO - Epoch: 81, hmap_Loss: 1.0122
2023-08-25 15:30:48,373 - root - INFO - Epoch: 81, r_Loss: 0.9372
2023-08-25 15:30:48,373 - root - INFO - Epoch: 81, whd_Loss: 7.9647
2023-08-25 15:44:13,052 - root - INFO - Epoch: 82, train_Loss: 3.1360
2023-08-25 15:44:13,053 - root - INFO - Epoch: 82, hmap_Loss: 4.2966
2023-08-25 15:44:13,053 - root - INFO - Epoch: 82, r_Loss: 0.7751
2023-08-25 15:44:13,053 - root - INFO - Epoch: 82, whd_Loss: 4.9756
2023-08-25 15:58:13,872 - root - INFO - Epoch: 83, train_Loss: 3.2341
2023-08-25 15:58:13,873 - root - INFO - Epoch: 83, hmap_Loss: 1.7518
2023-08-25 15:58:13,873 - root - INFO - Epoch: 83, r_Loss: 0.6367
2023-08-25 15:58:13,873 - root - INFO - Epoch: 83, whd_Loss: 3.8810
2023-08-25 16:11:37,345 - root - INFO - Epoch: 84, train_Loss: 3.0174
2023-08-25 16:11:37,345 - root - INFO - Epoch: 84, hmap_Loss: 0.2218
2023-08-25 16:11:37,345 - root - INFO - Epoch: 84, r_Loss: 0.0000
2023-08-25 16:11:37,345 - root - INFO - Epoch: 84, whd_Loss: 0.0000
2023-08-25 16:25:38,526 - root - INFO - Epoch: 85, train_Loss: 3.1092
2023-08-25 16:25:38,527 - root - INFO - Epoch: 85, hmap_Loss: 3.3373
2023-08-25 16:25:38,527 - root - INFO - Epoch: 85, r_Loss: 0.7058
2023-08-25 16:25:38,527 - root - INFO - Epoch: 85, whd_Loss: 7.6162
2023-08-25 16:38:32,373 - root - INFO - Epoch: 86, train_Loss: 3.0991
2023-08-25 16:38:32,373 - root - INFO - Epoch: 86, hmap_Loss: 0.0119
2023-08-25 16:38:32,373 - root - INFO - Epoch: 86, r_Loss: 0.0000
2023-08-25 16:38:32,373 - root - INFO - Epoch: 86, whd_Loss: 0.0000
2023-08-25 16:51:33,713 - root - INFO - Epoch: 87, train_Loss: 2.9679
2023-08-25 16:51:33,713 - root - INFO - Epoch: 87, hmap_Loss: 0.0632
2023-08-25 16:51:33,713 - root - INFO - Epoch: 87, r_Loss: 0.0000
2023-08-25 16:51:33,713 - root - INFO - Epoch: 87, whd_Loss: 0.0000
2023-08-25 17:04:37,294 - root - INFO - Epoch: 88, train_Loss: 2.8556
2023-08-25 17:04:37,295 - root - INFO - Epoch: 88, hmap_Loss: 2.0080
2023-08-25 17:04:37,295 - root - INFO - Epoch: 88, r_Loss: 0.6234
2023-08-25 17:04:37,295 - root - INFO - Epoch: 88, whd_Loss: 3.2347
2023-08-25 17:17:52,806 - root - INFO - Epoch: 89, train_Loss: 2.9508
2023-08-25 17:17:52,806 - root - INFO - Epoch: 89, hmap_Loss: 0.6219
2023-08-25 17:17:52,806 - root - INFO - Epoch: 89, r_Loss: 0.7892
2023-08-25 17:17:52,806 - root - INFO - Epoch: 89, whd_Loss: 2.7254
2023-08-25 17:18:49,862 - root - INFO - Epoch: 90, valid_Loss: 5.2758
2023-08-25 17:18:49,862 - root - INFO - Epoch: 90, valid_hmap_Loss: 153.5728
2023-08-25 17:18:49,863 - root - INFO - Epoch: 90, valid_r_Loss: 37.7392
2023-08-25 17:18:49,863 - root - INFO - Epoch: 90, valid_whd_Loss: 883.0533
2023-08-25 17:31:43,299 - root - INFO - Epoch: 90, train_Loss: 2.8779
2023-08-25 17:31:43,299 - root - INFO - Epoch: 90, hmap_Loss: 0.6022
2023-08-25 17:31:43,299 - root - INFO - Epoch: 90, r_Loss: 0.5701
2023-08-25 17:31:43,300 - root - INFO - Epoch: 90, whd_Loss: 5.9685
2023-08-25 17:44:36,900 - root - INFO - Epoch: 91, train_Loss: 2.9766
2023-08-25 17:44:36,900 - root - INFO - Epoch: 91, hmap_Loss: 1.4157
2023-08-25 17:44:36,900 - root - INFO - Epoch: 91, r_Loss: 1.0837
2023-08-25 17:44:36,900 - root - INFO - Epoch: 91, whd_Loss: 6.1797
2023-08-25 17:57:31,931 - root - INFO - Epoch: 92, train_Loss: 2.9004
2023-08-25 17:57:31,932 - root - INFO - Epoch: 92, hmap_Loss: 0.4056
2023-08-25 17:57:31,932 - root - INFO - Epoch: 92, r_Loss: 0.7551
2023-08-25 17:57:31,932 - root - INFO - Epoch: 92, whd_Loss: 5.0065
2023-08-25 18:10:27,735 - root - INFO - Epoch: 93, train_Loss: 2.7803
2023-08-25 18:10:27,735 - root - INFO - Epoch: 93, hmap_Loss: 0.9045
2023-08-25 18:10:27,735 - root - INFO - Epoch: 93, r_Loss: 0.6292
2023-08-25 18:10:27,735 - root - INFO - Epoch: 93, whd_Loss: 3.9093
2023-08-25 18:23:24,441 - root - INFO - Epoch: 94, train_Loss: 2.9225
2023-08-25 18:23:24,441 - root - INFO - Epoch: 94, hmap_Loss: 0.2290
2023-08-25 18:23:24,441 - root - INFO - Epoch: 94, r_Loss: 0.7012
2023-08-25 18:23:24,441 - root - INFO - Epoch: 94, whd_Loss: 55.6688
2023-08-25 18:36:19,641 - root - INFO - Epoch: 95, train_Loss: 2.8145
2023-08-25 18:36:19,641 - root - INFO - Epoch: 95, hmap_Loss: 0.2237
2023-08-25 18:36:19,641 - root - INFO - Epoch: 95, r_Loss: 0.5908
2023-08-25 18:36:19,641 - root - INFO - Epoch: 95, whd_Loss: 10.7968
2023-08-25 18:49:15,897 - root - INFO - Epoch: 96, train_Loss: 2.8497
2023-08-25 18:49:15,897 - root - INFO - Epoch: 96, hmap_Loss: 1.7434
2023-08-25 18:49:15,897 - root - INFO - Epoch: 96, r_Loss: 0.4903
2023-08-25 18:49:15,897 - root - INFO - Epoch: 96, whd_Loss: 19.9199
2023-08-25 19:02:11,442 - root - INFO - Epoch: 97, train_Loss: 2.8301
2023-08-25 19:02:11,442 - root - INFO - Epoch: 97, hmap_Loss: 0.1489
2023-08-25 19:02:11,442 - root - INFO - Epoch: 97, r_Loss: 0.7846
2023-08-25 19:02:11,442 - root - INFO - Epoch: 97, whd_Loss: 7.1135
2023-08-25 19:15:06,345 - root - INFO - Epoch: 98, train_Loss: 2.8881
2023-08-25 19:15:06,345 - root - INFO - Epoch: 98, hmap_Loss: 0.6178
2023-08-25 19:15:06,345 - root - INFO - Epoch: 98, r_Loss: 0.8367
2023-08-25 19:15:06,346 - root - INFO - Epoch: 98, whd_Loss: 10.3409
2023-08-25 19:28:00,220 - root - INFO - Epoch: 99, train_Loss: 2.7756
2023-08-25 19:28:00,220 - root - INFO - Epoch: 99, hmap_Loss: 0.2136
2023-08-25 19:28:00,220 - root - INFO - Epoch: 99, r_Loss: 0.5772
2023-08-25 19:28:00,220 - root - INFO - Epoch: 99, whd_Loss: 9.9645
2023-08-25 19:28:56,362 - root - INFO - Epoch: 100, valid_Loss: 4.3754
2023-08-25 19:28:56,363 - root - INFO - Epoch: 100, valid_hmap_Loss: 109.5082
2023-08-25 19:28:56,363 - root - INFO - Epoch: 100, valid_r_Loss: 40.2623
2023-08-25 19:28:56,363 - root - INFO - Epoch: 100, valid_whd_Loss: 821.2729
2023-08-25 19:41:55,197 - root - INFO - Epoch: 100, train_Loss: 2.8315
2023-08-25 19:41:55,198 - root - INFO - Epoch: 100, hmap_Loss: 0.1915
2023-08-25 19:41:55,198 - root - INFO - Epoch: 100, r_Loss: 0.5876
2023-08-25 19:41:55,198 - root - INFO - Epoch: 100, whd_Loss: 6.4444
2023-08-25 19:54:50,969 - root - INFO - Epoch: 101, train_Loss: 2.7867
2023-08-25 19:54:50,970 - root - INFO - Epoch: 101, hmap_Loss: 1.1118
2023-08-25 19:54:50,970 - root - INFO - Epoch: 101, r_Loss: 0.9248
2023-08-25 19:54:50,970 - root - INFO - Epoch: 101, whd_Loss: 12.8106
2023-08-25 20:07:45,643 - root - INFO - Epoch: 102, train_Loss: 2.8310
2023-08-25 20:07:45,644 - root - INFO - Epoch: 102, hmap_Loss: 0.0515
2023-08-25 20:07:45,644 - root - INFO - Epoch: 102, r_Loss: 0.9299
2023-08-25 20:07:45,644 - root - INFO - Epoch: 102, whd_Loss: 7.5480
2023-08-25 20:20:41,039 - root - INFO - Epoch: 103, train_Loss: 2.7664
2023-08-25 20:20:41,039 - root - INFO - Epoch: 103, hmap_Loss: 1.4100
2023-08-25 20:20:41,039 - root - INFO - Epoch: 103, r_Loss: 0.6191
2023-08-25 20:20:41,039 - root - INFO - Epoch: 103, whd_Loss: 76.2257
2023-08-25 20:33:36,177 - root - INFO - Epoch: 104, train_Loss: 2.8076
2023-08-25 20:33:36,177 - root - INFO - Epoch: 104, hmap_Loss: 0.2296
2023-08-25 20:33:36,177 - root - INFO - Epoch: 104, r_Loss: 0.8154
2023-08-25 20:33:36,177 - root - INFO - Epoch: 104, whd_Loss: 6.0590
2023-08-25 20:46:31,242 - root - INFO - Epoch: 105, train_Loss: 2.7922
2023-08-25 20:46:31,242 - root - INFO - Epoch: 105, hmap_Loss: 0.2141
2023-08-25 20:46:31,242 - root - INFO - Epoch: 105, r_Loss: 1.0647
2023-08-25 20:46:31,242 - root - INFO - Epoch: 105, whd_Loss: 5.8442
2023-08-25 20:59:27,430 - root - INFO - Epoch: 106, train_Loss: 2.7178
2023-08-25 20:59:27,430 - root - INFO - Epoch: 106, hmap_Loss: 0.2098
2023-08-25 20:59:27,431 - root - INFO - Epoch: 106, r_Loss: 0.7717
2023-08-25 20:59:27,431 - root - INFO - Epoch: 106, whd_Loss: 7.2414
2023-08-25 21:12:23,489 - root - INFO - Epoch: 107, train_Loss: 2.6944
2023-08-25 21:12:23,489 - root - INFO - Epoch: 107, hmap_Loss: 0.1345
2023-08-25 21:12:23,489 - root - INFO - Epoch: 107, r_Loss: 1.0693
2023-08-25 21:12:23,489 - root - INFO - Epoch: 107, whd_Loss: 44.6335
2023-08-25 21:25:16,669 - root - INFO - Epoch: 108, train_Loss: 2.7161
2023-08-25 21:25:16,669 - root - INFO - Epoch: 108, hmap_Loss: 1.3277
2023-08-25 21:25:16,670 - root - INFO - Epoch: 108, r_Loss: 1.0220
2023-08-25 21:25:16,670 - root - INFO - Epoch: 108, whd_Loss: 59.6823
2023-08-25 21:38:08,954 - root - INFO - Epoch: 109, train_Loss: 2.5806
2023-08-25 21:38:08,954 - root - INFO - Epoch: 109, hmap_Loss: 1.0391
2023-08-25 21:38:08,954 - root - INFO - Epoch: 109, r_Loss: 0.4888
2023-08-25 21:38:08,954 - root - INFO - Epoch: 109, whd_Loss: 3.3738
2023-08-25 21:39:05,319 - root - INFO - Epoch: 110, valid_Loss: 4.7988
2023-08-25 21:39:05,370 - root - INFO - Epoch: 110, valid_hmap_Loss: 123.3675
2023-08-25 21:39:05,370 - root - INFO - Epoch: 110, valid_r_Loss: 39.2038
2023-08-25 21:39:05,370 - root - INFO - Epoch: 110, valid_whd_Loss: 917.6717
2023-08-25 21:51:57,653 - root - INFO - Epoch: 110, train_Loss: 2.5808
2023-08-25 21:51:57,671 - root - INFO - Epoch: 110, hmap_Loss: 0.0340
2023-08-25 21:51:57,671 - root - INFO - Epoch: 110, r_Loss: 0.7182
2023-08-25 21:51:57,671 - root - INFO - Epoch: 110, whd_Loss: 46.2179
2023-08-25 22:04:50,341 - root - INFO - Epoch: 111, train_Loss: 2.7711
2023-08-25 22:04:50,365 - root - INFO - Epoch: 111, hmap_Loss: 1.5407
2023-08-25 22:04:50,365 - root - INFO - Epoch: 111, r_Loss: 0.6942
2023-08-25 22:04:50,365 - root - INFO - Epoch: 111, whd_Loss: 5.3930
2023-08-25 22:17:43,065 - root - INFO - Epoch: 112, train_Loss: 2.7818
2023-08-25 22:17:43,085 - root - INFO - Epoch: 112, hmap_Loss: 0.0624
2023-08-25 22:17:43,085 - root - INFO - Epoch: 112, r_Loss: 0.8075
2023-08-25 22:17:43,085 - root - INFO - Epoch: 112, whd_Loss: 7.8756
2023-08-25 22:30:33,601 - root - INFO - Epoch: 113, train_Loss: 2.5325
2023-08-25 22:30:33,620 - root - INFO - Epoch: 113, hmap_Loss: 0.1577
2023-08-25 22:30:33,620 - root - INFO - Epoch: 113, r_Loss: 0.7420
2023-08-25 22:30:33,620 - root - INFO - Epoch: 113, whd_Loss: 19.0956
2023-08-25 22:43:17,506 - root - INFO - Epoch: 114, train_Loss: 2.5383
2023-08-25 22:43:17,568 - root - INFO - Epoch: 114, hmap_Loss: 0.0051
2023-08-25 22:43:17,569 - root - INFO - Epoch: 114, r_Loss: 0.0000
2023-08-25 22:43:17,569 - root - INFO - Epoch: 114, whd_Loss: 0.0000
2023-08-25 22:55:46,958 - root - INFO - Epoch: 115, train_Loss: 2.8112
2023-08-25 22:55:46,976 - root - INFO - Epoch: 115, hmap_Loss: 0.0123
2023-08-25 22:55:46,976 - root - INFO - Epoch: 115, r_Loss: 0.0000
2023-08-25 22:55:46,976 - root - INFO - Epoch: 115, whd_Loss: 0.0000
2023-08-25 23:08:26,647 - root - INFO - Epoch: 116, train_Loss: 2.4827
2023-08-25 23:08:26,727 - root - INFO - Epoch: 116, hmap_Loss: 0.9111
2023-08-25 23:08:26,727 - root - INFO - Epoch: 116, r_Loss: 0.6394
2023-08-25 23:08:26,727 - root - INFO - Epoch: 116, whd_Loss: 1.7413
2023-08-25 23:21:31,405 - root - INFO - Epoch: 117, train_Loss: 2.4808
2023-08-25 23:21:31,414 - root - INFO - Epoch: 117, hmap_Loss: 0.0330
2023-08-25 23:21:31,415 - root - INFO - Epoch: 117, r_Loss: 0.8057
2023-08-25 23:21:31,415 - root - INFO - Epoch: 117, whd_Loss: 11.2400
2023-08-25 23:34:23,624 - root - INFO - Epoch: 118, train_Loss: 2.5527
2023-08-25 23:34:23,624 - root - INFO - Epoch: 118, hmap_Loss: 0.8201
2023-08-25 23:34:23,624 - root - INFO - Epoch: 118, r_Loss: 0.5132
2023-08-25 23:34:23,625 - root - INFO - Epoch: 118, whd_Loss: 8.0694
2023-08-25 23:47:20,315 - root - INFO - Epoch: 119, train_Loss: 2.6046
2023-08-25 23:47:20,315 - root - INFO - Epoch: 119, hmap_Loss: 0.2577
2023-08-25 23:47:20,315 - root - INFO - Epoch: 119, r_Loss: 0.0000
2023-08-25 23:47:20,315 - root - INFO - Epoch: 119, whd_Loss: 0.0000
2023-08-25 23:48:16,941 - root - INFO - Epoch: 120, valid_Loss: 5.1547
2023-08-25 23:48:16,941 - root - INFO - Epoch: 120, valid_hmap_Loss: 155.9890
2023-08-25 23:48:16,941 - root - INFO - Epoch: 120, valid_r_Loss: 37.5987
2023-08-25 23:48:16,941 - root - INFO - Epoch: 120, valid_whd_Loss: 796.1345
2023-08-26 00:01:15,635 - root - INFO - Epoch: 120, train_Loss: 2.5487
2023-08-26 00:01:15,636 - root - INFO - Epoch: 120, hmap_Loss: 0.4358
2023-08-26 00:01:15,636 - root - INFO - Epoch: 120, r_Loss: 0.6264
2023-08-26 00:01:15,636 - root - INFO - Epoch: 120, whd_Loss: 4.0367
2023-08-26 00:14:14,928 - root - INFO - Epoch: 121, train_Loss: 2.5055
2023-08-26 00:14:14,928 - root - INFO - Epoch: 121, hmap_Loss: 2.3424
2023-08-26 00:14:14,928 - root - INFO - Epoch: 121, r_Loss: 0.7309
2023-08-26 00:14:14,929 - root - INFO - Epoch: 121, whd_Loss: 4.9228
2023-08-26 00:27:16,369 - root - INFO - Epoch: 122, train_Loss: 2.4406
2023-08-26 00:27:16,369 - root - INFO - Epoch: 122, hmap_Loss: 0.4320
2023-08-26 00:27:16,369 - root - INFO - Epoch: 122, r_Loss: 0.9391
2023-08-26 00:27:16,369 - root - INFO - Epoch: 122, whd_Loss: 4.3635
2023-08-26 00:40:17,493 - root - INFO - Epoch: 123, train_Loss: 2.4955
2023-08-26 00:40:17,494 - root - INFO - Epoch: 123, hmap_Loss: 1.6082
2023-08-26 00:40:17,494 - root - INFO - Epoch: 123, r_Loss: 0.6132
2023-08-26 00:40:17,494 - root - INFO - Epoch: 123, whd_Loss: 3.5511
2023-08-26 00:53:21,498 - root - INFO - Epoch: 124, train_Loss: 2.6371
2023-08-26 00:53:21,498 - root - INFO - Epoch: 124, hmap_Loss: 0.1167
2023-08-26 00:53:21,498 - root - INFO - Epoch: 124, r_Loss: 0.3919
2023-08-26 00:53:21,499 - root - INFO - Epoch: 124, whd_Loss: 71.4778
2023-08-26 01:06:24,746 - root - INFO - Epoch: 125, train_Loss: 2.4185
2023-08-26 01:06:24,747 - root - INFO - Epoch: 125, hmap_Loss: 0.1958
2023-08-26 01:06:24,747 - root - INFO - Epoch: 125, r_Loss: 0.9160
2023-08-26 01:06:24,747 - root - INFO - Epoch: 125, whd_Loss: 12.3693
2023-08-26 01:19:29,250 - root - INFO - Epoch: 126, train_Loss: 2.5361
2023-08-26 01:19:29,250 - root - INFO - Epoch: 126, hmap_Loss: 0.0864
2023-08-26 01:19:29,250 - root - INFO - Epoch: 126, r_Loss: 0.8187
2023-08-26 01:19:29,250 - root - INFO - Epoch: 126, whd_Loss: 73.5567
2023-08-26 01:32:34,997 - root - INFO - Epoch: 127, train_Loss: 2.4018
2023-08-26 01:32:34,997 - root - INFO - Epoch: 127, hmap_Loss: 2.4864
2023-08-26 01:32:34,997 - root - INFO - Epoch: 127, r_Loss: 0.6499
2023-08-26 01:32:34,997 - root - INFO - Epoch: 127, whd_Loss: 2.6596
2023-08-26 01:45:39,995 - root - INFO - Epoch: 128, train_Loss: 2.5111
2023-08-26 01:45:39,995 - root - INFO - Epoch: 128, hmap_Loss: 0.4666
2023-08-26 01:45:39,996 - root - INFO - Epoch: 128, r_Loss: 1.0484
2023-08-26 01:45:39,996 - root - INFO - Epoch: 128, whd_Loss: 6.8914
2023-08-26 01:58:44,255 - root - INFO - Epoch: 129, train_Loss: 2.5589
2023-08-26 01:58:44,255 - root - INFO - Epoch: 129, hmap_Loss: 0.1773
2023-08-26 01:58:44,255 - root - INFO - Epoch: 129, r_Loss: 1.4683
2023-08-26 01:58:44,255 - root - INFO - Epoch: 129, whd_Loss: 4.7117
2023-08-26 01:59:41,707 - root - INFO - Epoch: 130, valid_Loss: 5.4141
2023-08-26 01:59:41,707 - root - INFO - Epoch: 130, valid_hmap_Loss: 162.0721
2023-08-26 01:59:41,708 - root - INFO - Epoch: 130, valid_r_Loss: 37.1910
2023-08-26 01:59:41,708 - root - INFO - Epoch: 130, valid_whd_Loss: 876.8627
2023-08-26 02:12:42,839 - root - INFO - Epoch: 130, train_Loss: 2.5389
2023-08-26 02:12:42,840 - root - INFO - Epoch: 130, hmap_Loss: 0.0798
2023-08-26 02:12:42,840 - root - INFO - Epoch: 130, r_Loss: 0.5820
2023-08-26 02:12:42,840 - root - INFO - Epoch: 130, whd_Loss: 91.0742
2023-08-26 02:25:45,810 - root - INFO - Epoch: 131, train_Loss: 2.3135
2023-08-26 02:25:45,810 - root - INFO - Epoch: 131, hmap_Loss: 0.0423
2023-08-26 02:25:45,810 - root - INFO - Epoch: 131, r_Loss: 0.5442
2023-08-26 02:25:45,811 - root - INFO - Epoch: 131, whd_Loss: 7.0782
2023-08-26 02:38:49,369 - root - INFO - Epoch: 132, train_Loss: 2.3433
2023-08-26 02:38:49,369 - root - INFO - Epoch: 132, hmap_Loss: 0.0953
2023-08-26 02:38:49,369 - root - INFO - Epoch: 132, r_Loss: 0.9433
2023-08-26 02:38:49,369 - root - INFO - Epoch: 132, whd_Loss: 4.8072
2023-08-26 02:51:53,613 - root - INFO - Epoch: 133, train_Loss: 2.4476
2023-08-26 02:51:53,613 - root - INFO - Epoch: 133, hmap_Loss: 3.2339
2023-08-26 02:51:53,614 - root - INFO - Epoch: 133, r_Loss: 0.8471
2023-08-26 02:51:53,614 - root - INFO - Epoch: 133, whd_Loss: 3.9249
2023-08-26 03:04:58,743 - root - INFO - Epoch: 134, train_Loss: 2.6696
2023-08-26 03:04:58,743 - root - INFO - Epoch: 134, hmap_Loss: 0.2952
2023-08-26 03:04:58,743 - root - INFO - Epoch: 134, r_Loss: 0.9006
2023-08-26 03:04:58,743 - root - INFO - Epoch: 134, whd_Loss: 12.9090
2023-08-26 03:18:03,322 - root - INFO - Epoch: 135, train_Loss: 2.2863
2023-08-26 03:18:03,322 - root - INFO - Epoch: 135, hmap_Loss: 0.0068
2023-08-26 03:18:03,322 - root - INFO - Epoch: 135, r_Loss: 0.0000
2023-08-26 03:18:03,322 - root - INFO - Epoch: 135, whd_Loss: 0.0000
2023-08-26 03:31:10,047 - root - INFO - Epoch: 136, train_Loss: 2.3913
2023-08-26 03:31:10,047 - root - INFO - Epoch: 136, hmap_Loss: 0.3621
2023-08-26 03:31:10,047 - root - INFO - Epoch: 136, r_Loss: 0.8249
2023-08-26 03:31:10,047 - root - INFO - Epoch: 136, whd_Loss: 4.0556
2023-08-26 03:44:16,077 - root - INFO - Epoch: 137, train_Loss: 2.3751
2023-08-26 03:44:16,077 - root - INFO - Epoch: 137, hmap_Loss: 0.6463
2023-08-26 03:44:16,077 - root - INFO - Epoch: 137, r_Loss: 0.4834
2023-08-26 03:44:16,078 - root - INFO - Epoch: 137, whd_Loss: 11.1187
2023-08-26 03:57:22,489 - root - INFO - Epoch: 138, train_Loss: 2.4167
2023-08-26 03:57:22,489 - root - INFO - Epoch: 138, hmap_Loss: 0.0657
2023-08-26 03:57:22,489 - root - INFO - Epoch: 138, r_Loss: 0.0000
2023-08-26 03:57:22,489 - root - INFO - Epoch: 138, whd_Loss: 0.0000
2023-08-26 04:10:27,305 - root - INFO - Epoch: 139, train_Loss: 2.4566
2023-08-26 04:10:27,305 - root - INFO - Epoch: 139, hmap_Loss: 0.1603
2023-08-26 04:10:27,305 - root - INFO - Epoch: 139, r_Loss: 0.3204
2023-08-26 04:10:27,305 - root - INFO - Epoch: 139, whd_Loss: 4.7563
2023-08-26 04:11:25,180 - root - INFO - Epoch: 140, valid_Loss: 5.3274
2023-08-26 04:11:25,180 - root - INFO - Epoch: 140, valid_hmap_Loss: 160.2989
2023-08-26 04:11:25,181 - root - INFO - Epoch: 140, valid_r_Loss: 38.4881
2023-08-26 04:11:25,181 - root - INFO - Epoch: 140, valid_whd_Loss: 835.6733
2023-08-26 04:24:30,113 - root - INFO - Epoch: 140, train_Loss: 2.2873
2023-08-26 04:24:30,114 - root - INFO - Epoch: 140, hmap_Loss: 0.0726
2023-08-26 04:24:30,114 - root - INFO - Epoch: 140, r_Loss: 0.6416
2023-08-26 04:24:30,114 - root - INFO - Epoch: 140, whd_Loss: 5.4163
2023-08-26 04:37:33,698 - root - INFO - Epoch: 141, train_Loss: 2.4437
2023-08-26 04:37:33,698 - root - INFO - Epoch: 141, hmap_Loss: 0.4244
2023-08-26 04:37:33,698 - root - INFO - Epoch: 141, r_Loss: 0.7349
2023-08-26 04:37:33,698 - root - INFO - Epoch: 141, whd_Loss: 8.8843
2023-08-26 04:50:40,632 - root - INFO - Epoch: 142, train_Loss: 2.4088
2023-08-26 04:50:40,632 - root - INFO - Epoch: 142, hmap_Loss: 0.1447
2023-08-26 04:50:40,632 - root - INFO - Epoch: 142, r_Loss: 0.8872
2023-08-26 04:50:40,632 - root - INFO - Epoch: 142, whd_Loss: 4.7154
2023-08-26 05:03:46,080 - root - INFO - Epoch: 143, train_Loss: 2.3710
2023-08-26 05:03:46,080 - root - INFO - Epoch: 143, hmap_Loss: 1.7041
2023-08-26 05:03:46,080 - root - INFO - Epoch: 143, r_Loss: 0.6377
2023-08-26 05:03:46,080 - root - INFO - Epoch: 143, whd_Loss: 5.3263
2023-08-26 05:16:53,468 - root - INFO - Epoch: 144, train_Loss: 2.4298
2023-08-26 05:16:53,469 - root - INFO - Epoch: 144, hmap_Loss: 0.1965
2023-08-26 05:16:53,469 - root - INFO - Epoch: 144, r_Loss: 0.7767
2023-08-26 05:16:53,469 - root - INFO - Epoch: 144, whd_Loss: 12.5818
2023-08-26 05:29:59,616 - root - INFO - Epoch: 145, train_Loss: 2.2703
2023-08-26 05:29:59,617 - root - INFO - Epoch: 145, hmap_Loss: 0.0543
2023-08-26 05:29:59,617 - root - INFO - Epoch: 145, r_Loss: 0.8039
2023-08-26 05:29:59,617 - root - INFO - Epoch: 145, whd_Loss: 9.3194
2023-08-26 05:43:05,268 - root - INFO - Epoch: 146, train_Loss: 2.3304
2023-08-26 05:43:05,268 - root - INFO - Epoch: 146, hmap_Loss: 1.5949
2023-08-26 05:43:05,268 - root - INFO - Epoch: 146, r_Loss: 0.7602
2023-08-26 05:43:05,268 - root - INFO - Epoch: 146, whd_Loss: 8.5495
2023-08-26 05:56:10,882 - root - INFO - Epoch: 147, train_Loss: 2.2081
2023-08-26 05:56:10,882 - root - INFO - Epoch: 147, hmap_Loss: 0.0456
2023-08-26 05:56:10,882 - root - INFO - Epoch: 147, r_Loss: 0.1579
2023-08-26 05:56:10,882 - root - INFO - Epoch: 147, whd_Loss: 16.9610
2023-08-26 06:09:40,845 - root - INFO - Epoch: 148, train_Loss: 2.2903
2023-08-26 06:09:40,845 - root - INFO - Epoch: 148, hmap_Loss: 0.8253
2023-08-26 06:09:40,845 - root - INFO - Epoch: 148, r_Loss: 0.8038
2023-08-26 06:09:40,846 - root - INFO - Epoch: 148, whd_Loss: 9.2092
2023-08-26 06:22:45,165 - root - INFO - Epoch: 149, train_Loss: 2.2702
2023-08-26 06:22:45,165 - root - INFO - Epoch: 149, hmap_Loss: 1.1929
2023-08-26 06:22:45,165 - root - INFO - Epoch: 149, r_Loss: 0.5962
2023-08-26 06:22:45,165 - root - INFO - Epoch: 149, whd_Loss: 27.7938
2023-08-26 06:23:42,795 - root - INFO - Epoch: 150, valid_Loss: 5.2306
2023-08-26 06:23:42,795 - root - INFO - Epoch: 150, valid_hmap_Loss: 148.5979
2023-08-26 06:23:42,795 - root - INFO - Epoch: 150, valid_r_Loss: 39.5643
2023-08-26 06:23:42,795 - root - INFO - Epoch: 150, valid_whd_Loss: 890.5854
2023-08-26 06:36:46,913 - root - INFO - Epoch: 150, train_Loss: 2.4462
2023-08-26 06:36:46,913 - root - INFO - Epoch: 150, hmap_Loss: 0.3895
2023-08-26 06:36:46,913 - root - INFO - Epoch: 150, r_Loss: 0.6971
2023-08-26 06:36:46,913 - root - INFO - Epoch: 150, whd_Loss: 3.4441
2023-08-26 06:49:52,538 - root - INFO - Epoch: 151, train_Loss: 2.4480
2023-08-26 06:49:52,538 - root - INFO - Epoch: 151, hmap_Loss: 0.1572
2023-08-26 06:49:52,538 - root - INFO - Epoch: 151, r_Loss: 0.8445
2023-08-26 06:49:52,538 - root - INFO - Epoch: 151, whd_Loss: 4.6421
2023-08-26 07:02:58,579 - root - INFO - Epoch: 152, train_Loss: 2.3240
2023-08-26 07:02:58,579 - root - INFO - Epoch: 152, hmap_Loss: 0.0336
2023-08-26 07:02:58,579 - root - INFO - Epoch: 152, r_Loss: 0.9015
2023-08-26 07:02:58,579 - root - INFO - Epoch: 152, whd_Loss: 14.4784
2023-08-26 07:16:03,362 - root - INFO - Epoch: 153, train_Loss: 2.4108
2023-08-26 07:16:03,363 - root - INFO - Epoch: 153, hmap_Loss: 0.1731
2023-08-26 07:16:03,363 - root - INFO - Epoch: 153, r_Loss: 1.0371
2023-08-26 07:16:03,363 - root - INFO - Epoch: 153, whd_Loss: 5.7887
2023-08-26 07:29:10,170 - root - INFO - Epoch: 154, train_Loss: 2.2092
2023-08-26 07:29:10,170 - root - INFO - Epoch: 154, hmap_Loss: 0.2377
2023-08-26 07:29:10,170 - root - INFO - Epoch: 154, r_Loss: 1.4054
2023-08-26 07:29:10,170 - root - INFO - Epoch: 154, whd_Loss: 4.4904
2023-08-26 07:42:17,735 - root - INFO - Epoch: 155, train_Loss: 2.1582
2023-08-26 07:42:17,736 - root - INFO - Epoch: 155, hmap_Loss: 0.1424
2023-08-26 07:42:17,736 - root - INFO - Epoch: 155, r_Loss: 0.6118
2023-08-26 07:42:17,736 - root - INFO - Epoch: 155, whd_Loss: 10.1869
2023-08-26 07:55:27,022 - root - INFO - Epoch: 156, train_Loss: 2.2001
2023-08-26 07:55:27,022 - root - INFO - Epoch: 156, hmap_Loss: 0.0368
2023-08-26 07:55:27,022 - root - INFO - Epoch: 156, r_Loss: 0.7608
2023-08-26 07:55:27,022 - root - INFO - Epoch: 156, whd_Loss: 6.9343
2023-08-26 08:08:54,526 - root - INFO - Epoch: 157, train_Loss: 2.1705
2023-08-26 08:08:54,526 - root - INFO - Epoch: 157, hmap_Loss: 0.1143
2023-08-26 08:08:54,527 - root - INFO - Epoch: 157, r_Loss: 0.8735
2023-08-26 08:08:54,527 - root - INFO - Epoch: 157, whd_Loss: 9.7056
2023-08-26 08:22:36,559 - root - INFO - Epoch: 158, train_Loss: 2.0040
2023-08-26 08:22:36,560 - root - INFO - Epoch: 158, hmap_Loss: 0.1186
2023-08-26 08:22:36,560 - root - INFO - Epoch: 158, r_Loss: 1.2495
2023-08-26 08:22:36,560 - root - INFO - Epoch: 158, whd_Loss: 5.3240
2023-08-26 08:36:26,126 - root - INFO - Epoch: 159, train_Loss: 2.2822
2023-08-26 08:36:26,127 - root - INFO - Epoch: 159, hmap_Loss: 0.0033
2023-08-26 08:36:26,127 - root - INFO - Epoch: 159, r_Loss: 0.0000
2023-08-26 08:36:26,127 - root - INFO - Epoch: 159, whd_Loss: 0.0000
2023-08-26 08:37:26,442 - root - INFO - Epoch: 160, valid_Loss: 5.1425
2023-08-26 08:37:26,442 - root - INFO - Epoch: 160, valid_hmap_Loss: 152.1261
2023-08-26 08:37:26,442 - root - INFO - Epoch: 160, valid_r_Loss: 39.7219
2023-08-26 08:37:26,442 - root - INFO - Epoch: 160, valid_whd_Loss: 807.0717
2023-08-26 08:51:02,335 - root - INFO - Epoch: 160, train_Loss: 2.3248
2023-08-26 08:51:02,336 - root - INFO - Epoch: 160, hmap_Loss: 1.6504
2023-08-26 08:51:02,336 - root - INFO - Epoch: 160, r_Loss: 0.6541
2023-08-26 08:51:02,336 - root - INFO - Epoch: 160, whd_Loss: 14.0784
2023-08-26 09:04:20,475 - root - INFO - Epoch: 161, train_Loss: 2.1559
2023-08-26 09:04:20,476 - root - INFO - Epoch: 161, hmap_Loss: 0.0069
2023-08-26 09:04:20,476 - root - INFO - Epoch: 161, r_Loss: 0.9726
2023-08-26 09:04:20,476 - root - INFO - Epoch: 161, whd_Loss: 40.6852
2023-08-26 09:17:58,225 - root - INFO - Epoch: 162, train_Loss: 2.1957
2023-08-26 09:17:58,226 - root - INFO - Epoch: 162, hmap_Loss: 0.2068
2023-08-26 09:17:58,226 - root - INFO - Epoch: 162, r_Loss: 0.4502
2023-08-26 09:17:58,226 - root - INFO - Epoch: 162, whd_Loss: 4.9186
2023-08-26 09:31:23,443 - root - INFO - Epoch: 163, train_Loss: 1.9210
2023-08-26 09:31:23,443 - root - INFO - Epoch: 163, hmap_Loss: 0.0782
2023-08-26 09:31:23,443 - root - INFO - Epoch: 163, r_Loss: 0.5739
2023-08-26 09:31:23,443 - root - INFO - Epoch: 163, whd_Loss: 5.8071
2023-08-26 09:44:57,181 - root - INFO - Epoch: 164, train_Loss: 2.1504
2023-08-26 09:44:57,181 - root - INFO - Epoch: 164, hmap_Loss: 0.0035
2023-08-26 09:44:57,181 - root - INFO - Epoch: 164, r_Loss: 0.0000
2023-08-26 09:44:57,181 - root - INFO - Epoch: 164, whd_Loss: 0.0000
2023-08-26 09:58:42,777 - root - INFO - Epoch: 165, train_Loss: 2.1208
2023-08-26 09:58:42,777 - root - INFO - Epoch: 165, hmap_Loss: 0.1185
2023-08-26 09:58:42,778 - root - INFO - Epoch: 165, r_Loss: 0.5574
2023-08-26 09:58:42,778 - root - INFO - Epoch: 165, whd_Loss: 6.7779
2023-08-26 10:11:51,336 - root - INFO - Epoch: 166, train_Loss: 2.1288
2023-08-26 10:11:51,337 - root - INFO - Epoch: 166, hmap_Loss: 0.0960
2023-08-26 10:11:51,337 - root - INFO - Epoch: 166, r_Loss: 0.7684
2023-08-26 10:11:51,337 - root - INFO - Epoch: 166, whd_Loss: 6.1987
2023-08-26 10:25:16,467 - root - INFO - Epoch: 167, train_Loss: 2.0008
2023-08-26 10:25:16,467 - root - INFO - Epoch: 167, hmap_Loss: 1.4426
2023-08-26 10:25:16,467 - root - INFO - Epoch: 167, r_Loss: 0.7636
2023-08-26 10:25:16,467 - root - INFO - Epoch: 167, whd_Loss: 5.7399
2023-08-26 10:38:28,891 - root - INFO - Epoch: 168, train_Loss: 2.2115
2023-08-26 10:38:28,891 - root - INFO - Epoch: 168, hmap_Loss: 0.0971
2023-08-26 10:38:28,891 - root - INFO - Epoch: 168, r_Loss: 1.0225
2023-08-26 10:38:28,891 - root - INFO - Epoch: 168, whd_Loss: 2.7045
2023-08-26 10:51:51,012 - root - INFO - Epoch: 169, train_Loss: 1.9205
2023-08-26 10:51:51,013 - root - INFO - Epoch: 169, hmap_Loss: 0.0400
2023-08-26 10:51:51,013 - root - INFO - Epoch: 169, r_Loss: 0.4835
2023-08-26 10:51:51,013 - root - INFO - Epoch: 169, whd_Loss: 8.5561
2023-08-26 10:52:51,493 - root - INFO - Epoch: 170, valid_Loss: 5.9495
2023-08-26 10:52:51,493 - root - INFO - Epoch: 170, valid_hmap_Loss: 193.6187
2023-08-26 10:52:51,493 - root - INFO - Epoch: 170, valid_r_Loss: 42.5449
2023-08-26 10:52:51,493 - root - INFO - Epoch: 170, valid_whd_Loss: 791.5925
2023-08-26 11:06:19,061 - root - INFO - Epoch: 170, train_Loss: 2.1897
2023-08-26 11:06:19,061 - root - INFO - Epoch: 170, hmap_Loss: 0.1076
2023-08-26 11:06:19,061 - root - INFO - Epoch: 170, r_Loss: 0.6760
2023-08-26 11:06:19,061 - root - INFO - Epoch: 170, whd_Loss: 4.9506
2023-08-26 11:19:38,900 - root - INFO - Epoch: 171, train_Loss: 2.0087
2023-08-26 11:19:38,900 - root - INFO - Epoch: 171, hmap_Loss: 1.2323
2023-08-26 11:19:38,900 - root - INFO - Epoch: 171, r_Loss: 0.9619
2023-08-26 11:19:38,900 - root - INFO - Epoch: 171, whd_Loss: 4.1396
2023-08-26 11:33:01,695 - root - INFO - Epoch: 172, train_Loss: 2.0685
2023-08-26 11:33:01,695 - root - INFO - Epoch: 172, hmap_Loss: 1.5983
2023-08-26 11:33:01,695 - root - INFO - Epoch: 172, r_Loss: 0.7979
2023-08-26 11:33:01,695 - root - INFO - Epoch: 172, whd_Loss: 6.9294
2023-08-26 11:46:24,363 - root - INFO - Epoch: 173, train_Loss: 1.9688
2023-08-26 11:46:24,363 - root - INFO - Epoch: 173, hmap_Loss: 0.4491
2023-08-26 11:46:24,363 - root - INFO - Epoch: 173, r_Loss: 0.6500
2023-08-26 11:46:24,363 - root - INFO - Epoch: 173, whd_Loss: 6.0760
2023-08-26 11:59:51,263 - root - INFO - Epoch: 174, train_Loss: 1.9630
2023-08-26 11:59:51,263 - root - INFO - Epoch: 174, hmap_Loss: 0.0054
2023-08-26 11:59:51,263 - root - INFO - Epoch: 174, r_Loss: 0.0000
2023-08-26 11:59:51,263 - root - INFO - Epoch: 174, whd_Loss: 0.0000
2023-08-26 12:13:10,029 - root - INFO - Epoch: 175, train_Loss: 2.0761
2023-08-26 12:13:10,029 - root - INFO - Epoch: 175, hmap_Loss: 1.6663
2023-08-26 12:13:10,029 - root - INFO - Epoch: 175, r_Loss: 1.0727
2023-08-26 12:13:10,029 - root - INFO - Epoch: 175, whd_Loss: 62.9300
2023-08-26 12:26:20,302 - root - INFO - Epoch: 176, train_Loss: 2.0037
2023-08-26 12:26:20,303 - root - INFO - Epoch: 176, hmap_Loss: 0.5949
2023-08-26 12:26:20,303 - root - INFO - Epoch: 176, r_Loss: 0.8443
2023-08-26 12:26:20,303 - root - INFO - Epoch: 176, whd_Loss: 3.3273
2023-08-26 12:40:19,225 - root - INFO - Epoch: 177, train_Loss: 1.9771
2023-08-26 12:40:19,225 - root - INFO - Epoch: 177, hmap_Loss: 0.0054
2023-08-26 12:40:19,225 - root - INFO - Epoch: 177, r_Loss: 0.7312
2023-08-26 12:40:19,225 - root - INFO - Epoch: 177, whd_Loss: 21.0166
2023-08-26 12:53:41,698 - root - INFO - Epoch: 178, train_Loss: 2.2755
2023-08-26 12:53:41,699 - root - INFO - Epoch: 178, hmap_Loss: 0.3289
2023-08-26 12:53:41,699 - root - INFO - Epoch: 178, r_Loss: 1.0335
2023-08-26 12:53:41,699 - root - INFO - Epoch: 178, whd_Loss: 29.9831
2023-08-26 13:07:05,664 - root - INFO - Epoch: 179, train_Loss: 1.9989
2023-08-26 13:07:05,665 - root - INFO - Epoch: 179, hmap_Loss: 0.0726
2023-08-26 13:07:05,665 - root - INFO - Epoch: 179, r_Loss: 0.7486
2023-08-26 13:07:05,665 - root - INFO - Epoch: 179, whd_Loss: 5.6058
2023-08-26 13:08:05,955 - root - INFO - Epoch: 180, valid_Loss: 4.8025
2023-08-26 13:08:05,956 - root - INFO - Epoch: 180, valid_hmap_Loss: 149.1269
2023-08-26 13:08:05,956 - root - INFO - Epoch: 180, valid_r_Loss: 36.9844
2023-08-26 13:08:05,956 - root - INFO - Epoch: 180, valid_whd_Loss: 684.2111
2023-08-26 13:21:23,303 - root - INFO - Epoch: 180, train_Loss: 1.9166
2023-08-26 13:21:23,303 - root - INFO - Epoch: 180, hmap_Loss: 0.0169
2023-08-26 13:21:23,303 - root - INFO - Epoch: 180, r_Loss: 1.1681
2023-08-26 13:21:23,303 - root - INFO - Epoch: 180, whd_Loss: 10.4692
2023-08-26 13:34:59,553 - root - INFO - Epoch: 181, train_Loss: 1.9172
2023-08-26 13:34:59,554 - root - INFO - Epoch: 181, hmap_Loss: 0.0645
2023-08-26 13:34:59,554 - root - INFO - Epoch: 181, r_Loss: 0.7285
2023-08-26 13:34:59,554 - root - INFO - Epoch: 181, whd_Loss: 6.8940
2023-08-26 13:48:39,126 - root - INFO - Epoch: 182, train_Loss: 1.8750
2023-08-26 13:48:39,126 - root - INFO - Epoch: 182, hmap_Loss: 0.3727
2023-08-26 13:48:39,126 - root - INFO - Epoch: 182, r_Loss: 0.6214
2023-08-26 13:48:39,126 - root - INFO - Epoch: 182, whd_Loss: 10.1558
2023-08-26 14:02:00,543 - root - INFO - Epoch: 183, train_Loss: 1.8428
2023-08-26 14:02:00,543 - root - INFO - Epoch: 183, hmap_Loss: 0.2413
2023-08-26 14:02:00,543 - root - INFO - Epoch: 183, r_Loss: 0.6394
2023-08-26 14:02:00,543 - root - INFO - Epoch: 183, whd_Loss: 4.3900
2023-08-26 14:15:48,364 - root - INFO - Epoch: 184, train_Loss: 2.0521
2023-08-26 14:15:48,365 - root - INFO - Epoch: 184, hmap_Loss: 0.0207
2023-08-26 14:15:48,365 - root - INFO - Epoch: 184, r_Loss: 0.7287
2023-08-26 14:15:48,365 - root - INFO - Epoch: 184, whd_Loss: 7.4879
2023-08-26 14:29:32,530 - root - INFO - Epoch: 185, train_Loss: 1.9141
2023-08-26 14:29:32,530 - root - INFO - Epoch: 185, hmap_Loss: 0.0054
2023-08-26 14:29:32,531 - root - INFO - Epoch: 185, r_Loss: 0.0000
2023-08-26 14:29:32,531 - root - INFO - Epoch: 185, whd_Loss: 0.0000
2023-08-26 14:42:46,414 - root - INFO - Epoch: 186, train_Loss: 2.0434
2023-08-26 14:42:46,414 - root - INFO - Epoch: 186, hmap_Loss: 0.3196
2023-08-26 14:42:46,414 - root - INFO - Epoch: 186, r_Loss: 0.7126
2023-08-26 14:42:46,414 - root - INFO - Epoch: 186, whd_Loss: 3.6728
2023-08-26 14:56:36,379 - root - INFO - Epoch: 187, train_Loss: 2.0825
2023-08-26 14:56:36,380 - root - INFO - Epoch: 187, hmap_Loss: 0.1124
2023-08-26 14:56:36,380 - root - INFO - Epoch: 187, r_Loss: 0.8241
2023-08-26 14:56:36,380 - root - INFO - Epoch: 187, whd_Loss: 8.5402
2023-08-26 15:09:49,866 - root - INFO - Epoch: 188, train_Loss: 1.7424
2023-08-26 15:09:49,867 - root - INFO - Epoch: 188, hmap_Loss: 0.0096
2023-08-26 15:09:49,867 - root - INFO - Epoch: 188, r_Loss: 0.4622
2023-08-26 15:09:49,867 - root - INFO - Epoch: 188, whd_Loss: 3.7046
2023-08-26 15:23:06,391 - root - INFO - Epoch: 189, train_Loss: 1.8184
2023-08-26 15:23:06,391 - root - INFO - Epoch: 189, hmap_Loss: 0.1763
2023-08-26 15:23:06,391 - root - INFO - Epoch: 189, r_Loss: 0.4890
2023-08-26 15:23:06,391 - root - INFO - Epoch: 189, whd_Loss: 5.3871
2023-08-26 15:24:07,407 - root - INFO - Epoch: 190, valid_Loss: 5.4864
2023-08-26 15:24:07,408 - root - INFO - Epoch: 190, valid_hmap_Loss: 179.7183
2023-08-26 15:24:07,408 - root - INFO - Epoch: 190, valid_r_Loss: 39.6750
2023-08-26 15:24:07,408 - root - INFO - Epoch: 190, valid_whd_Loss: 713.8810
2023-08-26 15:37:27,579 - root - INFO - Epoch: 190, train_Loss: 2.0808
2023-08-26 15:37:27,580 - root - INFO - Epoch: 190, hmap_Loss: 0.0804
2023-08-26 15:37:27,580 - root - INFO - Epoch: 190, r_Loss: 0.6429
2023-08-26 15:37:27,580 - root - INFO - Epoch: 190, whd_Loss: 4.2559
2023-08-26 15:50:58,136 - root - INFO - Epoch: 191, train_Loss: 1.8856
2023-08-26 15:50:58,136 - root - INFO - Epoch: 191, hmap_Loss: 0.1489
2023-08-26 15:50:58,136 - root - INFO - Epoch: 191, r_Loss: 1.1674
2023-08-26 15:50:58,137 - root - INFO - Epoch: 191, whd_Loss: 8.5605
2023-08-26 16:04:36,860 - root - INFO - Epoch: 192, train_Loss: 1.9248
2023-08-26 16:04:36,861 - root - INFO - Epoch: 192, hmap_Loss: 0.1565
2023-08-26 16:04:36,861 - root - INFO - Epoch: 192, r_Loss: 0.2111
2023-08-26 16:04:36,861 - root - INFO - Epoch: 192, whd_Loss: 7.8501
2023-08-26 16:18:06,023 - root - INFO - Epoch: 193, train_Loss: 1.9683
2023-08-26 16:18:06,023 - root - INFO - Epoch: 193, hmap_Loss: 0.0192
2023-08-26 16:18:06,023 - root - INFO - Epoch: 193, r_Loss: 0.2974
2023-08-26 16:18:06,023 - root - INFO - Epoch: 193, whd_Loss: 6.1916
2023-08-26 16:31:28,294 - root - INFO - Epoch: 194, train_Loss: 1.9690
2023-08-26 16:31:28,294 - root - INFO - Epoch: 194, hmap_Loss: 0.0301
2023-08-26 16:31:28,294 - root - INFO - Epoch: 194, r_Loss: 0.9002
2023-08-26 16:31:28,294 - root - INFO - Epoch: 194, whd_Loss: 12.6404
2023-08-26 16:44:54,952 - root - INFO - Epoch: 195, train_Loss: 1.8847
2023-08-26 16:44:54,953 - root - INFO - Epoch: 195, hmap_Loss: 0.0293
2023-08-26 16:44:54,953 - root - INFO - Epoch: 195, r_Loss: 0.6376
2023-08-26 16:44:54,953 - root - INFO - Epoch: 195, whd_Loss: 7.9039
2023-08-26 16:58:21,712 - root - INFO - Epoch: 196, train_Loss: 1.8789
2023-08-26 16:58:21,712 - root - INFO - Epoch: 196, hmap_Loss: 0.3115
2023-08-26 16:58:21,713 - root - INFO - Epoch: 196, r_Loss: 0.2515
2023-08-26 16:58:21,713 - root - INFO - Epoch: 196, whd_Loss: 3.7008
2023-08-26 17:11:31,970 - root - INFO - Epoch: 197, train_Loss: 1.8220
2023-08-26 17:11:31,970 - root - INFO - Epoch: 197, hmap_Loss: 0.0061
2023-08-26 17:11:31,971 - root - INFO - Epoch: 197, r_Loss: 0.5431
2023-08-26 17:11:31,971 - root - INFO - Epoch: 197, whd_Loss: 63.8531
2023-08-26 17:25:08,023 - root - INFO - Epoch: 198, train_Loss: 1.7630
2023-08-26 17:25:08,023 - root - INFO - Epoch: 198, hmap_Loss: 0.0294
2023-08-26 17:25:08,023 - root - INFO - Epoch: 198, r_Loss: 0.7766
2023-08-26 17:25:08,023 - root - INFO - Epoch: 198, whd_Loss: 7.3584
2023-08-26 17:38:25,844 - root - INFO - Epoch: 199, train_Loss: 1.9775
2023-08-26 17:38:25,844 - root - INFO - Epoch: 199, hmap_Loss: 0.0688
2023-08-26 17:38:25,844 - root - INFO - Epoch: 199, r_Loss: 0.8667
2023-08-26 17:38:25,844 - root - INFO - Epoch: 199, whd_Loss: 5.8681
2023-08-26 17:39:26,678 - root - INFO - Epoch: 200, valid_Loss: 5.2605
2023-08-26 17:39:26,678 - root - INFO - Epoch: 200, valid_hmap_Loss: 177.1738
2023-08-26 17:39:26,678 - root - INFO - Epoch: 200, valid_r_Loss: 36.6404
2023-08-26 17:39:26,678 - root - INFO - Epoch: 200, valid_whd_Loss: 649.9151
2023-08-26 17:53:12,340 - root - INFO - Epoch: 200, train_Loss: 1.8712
2023-08-26 17:53:12,340 - root - INFO - Epoch: 200, hmap_Loss: 0.0358
2023-08-26 17:53:12,340 - root - INFO - Epoch: 200, r_Loss: 0.8819
2023-08-26 17:53:12,340 - root - INFO - Epoch: 200, whd_Loss: 9.7807
2023-08-26 18:06:52,794 - root - INFO - Epoch: 201, train_Loss: 1.9505
2023-08-26 18:06:52,794 - root - INFO - Epoch: 201, hmap_Loss: 0.4096
2023-08-26 18:06:52,795 - root - INFO - Epoch: 201, r_Loss: 1.3992
2023-08-26 18:06:52,795 - root - INFO - Epoch: 201, whd_Loss: 7.4508
2023-08-26 18:20:13,571 - root - INFO - Epoch: 202, train_Loss: 1.9114
2023-08-26 18:20:13,571 - root - INFO - Epoch: 202, hmap_Loss: 0.2006
2023-08-26 18:20:13,571 - root - INFO - Epoch: 202, r_Loss: 1.2073
2023-08-26 18:20:13,571 - root - INFO - Epoch: 202, whd_Loss: 5.2794
2023-08-26 18:33:22,698 - root - INFO - Epoch: 203, train_Loss: 1.7591
2023-08-26 18:33:22,699 - root - INFO - Epoch: 203, hmap_Loss: 2.1115
2023-08-26 18:33:22,699 - root - INFO - Epoch: 203, r_Loss: 0.7773
2023-08-26 18:33:22,699 - root - INFO - Epoch: 203, whd_Loss: 5.5841
2023-08-26 18:47:13,921 - root - INFO - Epoch: 204, train_Loss: 1.7135
2023-08-26 18:47:13,921 - root - INFO - Epoch: 204, hmap_Loss: 0.0245
2023-08-26 18:47:13,921 - root - INFO - Epoch: 204, r_Loss: 0.2363
2023-08-26 18:47:13,921 - root - INFO - Epoch: 204, whd_Loss: 3.8438
2023-08-26 19:00:56,898 - root - INFO - Epoch: 205, train_Loss: 1.8202
2023-08-26 19:00:56,898 - root - INFO - Epoch: 205, hmap_Loss: 0.1092
2023-08-26 19:00:56,898 - root - INFO - Epoch: 205, r_Loss: 0.5915
2023-08-26 19:00:56,898 - root - INFO - Epoch: 205, whd_Loss: 4.3017
2023-08-26 19:14:07,565 - root - INFO - Epoch: 206, train_Loss: 1.9582
2023-08-26 19:14:07,566 - root - INFO - Epoch: 206, hmap_Loss: 0.0665
2023-08-26 19:14:07,566 - root - INFO - Epoch: 206, r_Loss: 0.7205
2023-08-26 19:14:07,566 - root - INFO - Epoch: 206, whd_Loss: 2.6738
2023-08-26 19:27:36,755 - root - INFO - Epoch: 207, train_Loss: 1.7688
2023-08-26 19:27:36,755 - root - INFO - Epoch: 207, hmap_Loss: 1.1462
2023-08-26 19:27:36,755 - root - INFO - Epoch: 207, r_Loss: 1.0825
2023-08-26 19:27:36,756 - root - INFO - Epoch: 207, whd_Loss: 56.7292
2023-08-26 19:41:06,162 - root - INFO - Epoch: 208, train_Loss: 1.9039
2023-08-26 19:41:06,162 - root - INFO - Epoch: 208, hmap_Loss: 0.0202
2023-08-26 19:41:06,163 - root - INFO - Epoch: 208, r_Loss: 1.1058
2023-08-26 19:41:06,163 - root - INFO - Epoch: 208, whd_Loss: 2.1084
2023-08-26 19:54:43,954 - root - INFO - Epoch: 209, train_Loss: 1.7387
2023-08-26 19:54:43,954 - root - INFO - Epoch: 209, hmap_Loss: 0.0130
2023-08-26 19:54:43,954 - root - INFO - Epoch: 209, r_Loss: 0.6080
2023-08-26 19:54:43,954 - root - INFO - Epoch: 209, whd_Loss: 3.9391
2023-08-26 19:55:43,437 - root - INFO - Epoch: 210, valid_Loss: 5.6580
2023-08-26 19:55:43,438 - root - INFO - Epoch: 210, valid_hmap_Loss: 177.3337
2023-08-26 19:55:43,438 - root - INFO - Epoch: 210, valid_r_Loss: 40.7125
2023-08-26 19:55:43,438 - root - INFO - Epoch: 210, valid_whd_Loss: 818.2651
2023-08-26 20:09:08,990 - root - INFO - Epoch: 210, train_Loss: 1.7796
2023-08-26 20:09:08,991 - root - INFO - Epoch: 210, hmap_Loss: 0.0109
2023-08-26 20:09:08,991 - root - INFO - Epoch: 210, r_Loss: 0.5756
2023-08-26 20:09:08,991 - root - INFO - Epoch: 210, whd_Loss: 5.7017
2023-08-26 20:22:18,404 - root - INFO - Epoch: 211, train_Loss: 1.8295
2023-08-26 20:22:18,404 - root - INFO - Epoch: 211, hmap_Loss: 0.0699
2023-08-26 20:22:18,404 - root - INFO - Epoch: 211, r_Loss: 1.0864
2023-08-26 20:22:18,404 - root - INFO - Epoch: 211, whd_Loss: 16.1274
2023-08-26 20:35:38,903 - root - INFO - Epoch: 212, train_Loss: 2.1425
2023-08-26 20:35:38,903 - root - INFO - Epoch: 212, hmap_Loss: 0.4790
2023-08-26 20:35:38,904 - root - INFO - Epoch: 212, r_Loss: 0.0000
2023-08-26 20:35:38,904 - root - INFO - Epoch: 212, whd_Loss: 0.0000
2023-08-26 20:48:44,284 - root - INFO - Epoch: 213, train_Loss: 1.9348
2023-08-26 20:48:44,284 - root - INFO - Epoch: 213, hmap_Loss: 0.0181
2023-08-26 20:48:44,284 - root - INFO - Epoch: 213, r_Loss: 0.5606
2023-08-26 20:48:44,285 - root - INFO - Epoch: 213, whd_Loss: 3.3472
2023-08-26 21:02:04,792 - root - INFO - Epoch: 214, train_Loss: 1.8547
2023-08-26 21:02:04,792 - root - INFO - Epoch: 214, hmap_Loss: 0.0047
2023-08-26 21:02:04,792 - root - INFO - Epoch: 214, r_Loss: 0.4778
2023-08-26 21:02:04,792 - root - INFO - Epoch: 214, whd_Loss: 24.1659
