
2023-08-09 21:25:56,984 - root - INFO - Epoch: 30, train_Loss: 40.5302
2023-08-09 21:25:57,002 - root - INFO - Epoch: 30, hmap_Loss: 6.7100
2023-08-09 21:25:57,004 - root - INFO - Epoch: 30, r_Loss: 0.3704
2023-08-09 21:25:57,010 - root - INFO - Epoch: 30, whd_Loss: 8.0615
2023-08-09 21:33:54,587 - root - INFO - Epoch: 31, train_Loss: 37.4037
2023-08-09 21:33:54,604 - root - INFO - Epoch: 31, hmap_Loss: 7.9010
2023-08-09 21:33:54,611 - root - INFO - Epoch: 31, r_Loss: 0.7728
2023-08-09 21:33:54,615 - root - INFO - Epoch: 31, whd_Loss: 6.3539
2023-08-09 21:41:49,245 - root - INFO - Epoch: 32, train_Loss: 35.0265
2023-08-09 21:41:49,269 - root - INFO - Epoch: 32, hmap_Loss: 6.1276
2023-08-09 21:41:49,271 - root - INFO - Epoch: 32, r_Loss: 0.6837
2023-08-09 21:41:49,275 - root - INFO - Epoch: 32, whd_Loss: 6.3465
2023-08-09 21:49:44,146 - root - INFO - Epoch: 33, train_Loss: 33.1978
2023-08-09 21:49:44,166 - root - INFO - Epoch: 33, hmap_Loss: 6.9859
2023-08-09 21:49:44,169 - root - INFO - Epoch: 33, r_Loss: 0.5462
2023-08-09 21:49:44,171 - root - INFO - Epoch: 33, whd_Loss: 5.6860
2023-08-09 21:57:38,881 - root - INFO - Epoch: 34, train_Loss: 32.5530
2023-08-09 21:57:38,893 - root - INFO - Epoch: 34, hmap_Loss: 6.7156
2023-08-09 21:57:38,895 - root - INFO - Epoch: 34, r_Loss: 0.7356
2023-08-09 21:57:38,897 - root - INFO - Epoch: 34, whd_Loss: 6.2836
2023-08-09 22:05:33,798 - root - INFO - Epoch: 35, train_Loss: 30.9748
2023-08-09 22:05:33,830 - root - INFO - Epoch: 35, hmap_Loss: 6.4486
2023-08-09 22:05:33,832 - root - INFO - Epoch: 35, r_Loss: 1.2365
2023-08-09 22:05:33,833 - root - INFO - Epoch: 35, whd_Loss: 6.9360
2023-08-09 22:13:28,867 - root - INFO - Epoch: 36, train_Loss: 29.8446
2023-08-09 22:13:28,885 - root - INFO - Epoch: 36, hmap_Loss: 6.1881
2023-08-09 22:13:28,887 - root - INFO - Epoch: 36, r_Loss: 1.3507
2023-08-09 22:13:28,891 - root - INFO - Epoch: 36, whd_Loss: 5.3822
2023-08-09 22:21:25,449 - root - INFO - Epoch: 37, train_Loss: 28.6945
2023-08-09 22:21:25,480 - root - INFO - Epoch: 37, hmap_Loss: 6.4003
2023-08-09 22:21:25,483 - root - INFO - Epoch: 37, r_Loss: 0.7533
2023-08-09 22:21:25,485 - root - INFO - Epoch: 37, whd_Loss: 32.1900
2023-08-09 22:29:21,872 - root - INFO - Epoch: 38, train_Loss: 26.8794
2023-08-09 22:29:21,892 - root - INFO - Epoch: 38, hmap_Loss: 6.0365
2023-08-09 22:29:21,897 - root - INFO - Epoch: 38, r_Loss: 1.0402
2023-08-09 22:29:21,908 - root - INFO - Epoch: 38, whd_Loss: 14.7085
2023-08-09 22:37:17,083 - root - INFO - Epoch: 39, train_Loss: 25.5360
2023-08-09 22:37:17,112 - root - INFO - Epoch: 39, hmap_Loss: 5.2018
2023-08-09 22:37:17,118 - root - INFO - Epoch: 39, r_Loss: 1.1406
2023-08-09 22:37:17,120 - root - INFO - Epoch: 39, whd_Loss: 5.8274
2023-08-09 22:37:51,980 - root - INFO - Epoch: 40, valid_Loss: 25.7374
2023-08-09 22:37:51,995 - root - INFO - Epoch: 40, valid_hmap_Loss: 248.1492
2023-08-09 22:37:51,997 - root - INFO - Epoch: 40, valid_r_Loss: 39.1506
2023-08-09 22:37:51,998 - root - INFO - Epoch: 40, valid_whd_Loss: 841.8409
2023-08-09 22:45:49,998 - root - INFO - Epoch: 40, train_Loss: 25.1728
2023-08-09 22:45:50,027 - root - INFO - Epoch: 40, hmap_Loss: 4.0985
2023-08-09 22:45:50,030 - root - INFO - Epoch: 40, r_Loss: 0.8870
2023-08-09 22:45:50,034 - root - INFO - Epoch: 40, whd_Loss: 6.7612
2023-08-09 22:53:44,922 - root - INFO - Epoch: 41, train_Loss: 23.2665
2023-08-09 22:53:44,955 - root - INFO - Epoch: 41, hmap_Loss: 3.9308
2023-08-09 22:53:44,959 - root - INFO - Epoch: 41, r_Loss: 1.2547
2023-08-09 22:53:44,962 - root - INFO - Epoch: 41, whd_Loss: 8.9037
2023-08-09 23:01:45,967 - root - INFO - Epoch: 42, train_Loss: 22.7753
2023-08-09 23:01:46,001 - root - INFO - Epoch: 42, hmap_Loss: 6.2495
2023-08-09 23:01:46,003 - root - INFO - Epoch: 42, r_Loss: 1.1128
2023-08-09 23:01:46,005 - root - INFO - Epoch: 42, whd_Loss: 30.9761
2023-08-09 23:09:41,011 - root - INFO - Epoch: 43, train_Loss: 20.4925
2023-08-09 23:09:41,056 - root - INFO - Epoch: 43, hmap_Loss: 2.0310
2023-08-09 23:09:41,058 - root - INFO - Epoch: 43, r_Loss: 0.2457
2023-08-09 23:09:41,060 - root - INFO - Epoch: 43, whd_Loss: 6.9097
2023-08-09 23:17:35,974 - root - INFO - Epoch: 44, train_Loss: 20.1402
2023-08-09 23:17:36,019 - root - INFO - Epoch: 44, hmap_Loss: 2.7601
2023-08-09 23:17:36,021 - root - INFO - Epoch: 44, r_Loss: 0.8426
2023-08-09 23:17:36,023 - root - INFO - Epoch: 44, whd_Loss: 15.1896
2023-08-09 23:25:31,113 - root - INFO - Epoch: 45, train_Loss: 18.5398
2023-08-09 23:25:31,170 - root - INFO - Epoch: 45, hmap_Loss: 2.9081
2023-08-09 23:25:31,172 - root - INFO - Epoch: 45, r_Loss: 0.8294
2023-08-09 23:25:31,174 - root - INFO - Epoch: 45, whd_Loss: 6.1129
2023-08-09 23:33:25,663 - root - INFO - Epoch: 46, train_Loss: 17.8543
2023-08-09 23:33:25,705 - root - INFO - Epoch: 46, hmap_Loss: 4.3328
2023-08-09 23:33:25,712 - root - INFO - Epoch: 46, r_Loss: 0.6487
2023-08-09 23:33:25,718 - root - INFO - Epoch: 46, whd_Loss: 4.5868
2023-08-09 23:41:21,763 - root - INFO - Epoch: 47, train_Loss: 17.6678
2023-08-09 23:41:21,798 - root - INFO - Epoch: 47, hmap_Loss: 5.5600
2023-08-09 23:41:21,802 - root - INFO - Epoch: 47, r_Loss: 0.7090
2023-08-09 23:41:21,804 - root - INFO - Epoch: 47, whd_Loss: 4.5763
2023-08-09 23:49:16,786 - root - INFO - Epoch: 48, train_Loss: 17.8542
2023-08-09 23:49:16,828 - root - INFO - Epoch: 48, hmap_Loss: 0.4613
2023-08-09 23:49:16,835 - root - INFO - Epoch: 48, r_Loss: 0.0000
2023-08-09 23:49:16,844 - root - INFO - Epoch: 48, whd_Loss: 0.0000
2023-08-09 23:57:17,036 - root - INFO - Epoch: 49, train_Loss: 16.5666
2023-08-09 23:57:17,072 - root - INFO - Epoch: 49, hmap_Loss: 4.4169
2023-08-09 23:57:17,075 - root - INFO - Epoch: 49, r_Loss: 1.1049
2023-08-09 23:57:17,076 - root - INFO - Epoch: 49, whd_Loss: 4.3240
2023-08-09 23:57:51,627 - root - INFO - Epoch: 50, valid_Loss: 18.2872
2023-08-09 23:57:51,681 - root - INFO - Epoch: 50, valid_hmap_Loss: 172.3803
2023-08-09 23:57:51,683 - root - INFO - Epoch: 50, valid_r_Loss: 38.3772
2023-08-09 23:57:51,687 - root - INFO - Epoch: 50, valid_whd_Loss: 689.4575
2023-08-10 00:05:51,157 - root - INFO - Epoch: 50, train_Loss: 16.1827
2023-08-10 00:05:51,208 - root - INFO - Epoch: 50, hmap_Loss: 4.6386
2023-08-10 00:05:51,211 - root - INFO - Epoch: 50, r_Loss: 0.3624
2023-08-10 00:05:51,213 - root - INFO - Epoch: 50, whd_Loss: 19.1424
2023-08-10 00:13:46,994 - root - INFO - Epoch: 51, train_Loss: 16.1475
2023-08-10 00:13:47,043 - root - INFO - Epoch: 51, hmap_Loss: 4.6133
2023-08-10 00:13:47,045 - root - INFO - Epoch: 51, r_Loss: 0.6656
2023-08-10 00:13:47,054 - root - INFO - Epoch: 51, whd_Loss: 17.1833
2023-08-10 00:21:42,502 - root - INFO - Epoch: 52, train_Loss: 15.5642
2023-08-10 00:21:42,535 - root - INFO - Epoch: 52, hmap_Loss: 3.8449
2023-08-10 00:21:42,538 - root - INFO - Epoch: 52, r_Loss: 0.3044
2023-08-10 00:21:42,540 - root - INFO - Epoch: 52, whd_Loss: 5.9500
2023-08-10 00:29:37,840 - root - INFO - Epoch: 53, train_Loss: 16.5621
2023-08-10 00:29:37,883 - root - INFO - Epoch: 53, hmap_Loss: 1.8368
2023-08-10 00:29:37,893 - root - INFO - Epoch: 53, r_Loss: 0.4721
2023-08-10 00:29:37,895 - root - INFO - Epoch: 53, whd_Loss: 2.7689
2023-08-10 00:37:34,728 - root - INFO - Epoch: 54, train_Loss: 16.7046
2023-08-10 00:37:34,775 - root - INFO - Epoch: 54, hmap_Loss: 0.9692
2023-08-10 00:37:34,778 - root - INFO - Epoch: 54, r_Loss: 1.3413
2023-08-10 00:37:34,783 - root - INFO - Epoch: 54, whd_Loss: 4.6572
2023-08-10 00:45:30,097 - root - INFO - Epoch: 55, train_Loss: 15.1288
2023-08-10 00:45:30,133 - root - INFO - Epoch: 55, hmap_Loss: 1.1573
2023-08-10 00:45:30,136 - root - INFO - Epoch: 55, r_Loss: 1.1353
2023-08-10 00:45:30,138 - root - INFO - Epoch: 55, whd_Loss: 4.6466
2023-08-10 00:53:25,487 - root - INFO - Epoch: 56, train_Loss: 14.8109
2023-08-10 00:53:25,506 - root - INFO - Epoch: 56, hmap_Loss: 0.3337
2023-08-10 00:53:25,508 - root - INFO - Epoch: 56, r_Loss: 0.0000
2023-08-10 00:53:25,511 - root - INFO - Epoch: 56, whd_Loss: 0.0000
2023-08-10 01:01:20,245 - root - INFO - Epoch: 57, train_Loss: 14.9672
2023-08-10 01:01:20,290 - root - INFO - Epoch: 57, hmap_Loss: 5.0247
2023-08-10 01:01:20,292 - root - INFO - Epoch: 57, r_Loss: 0.5774
2023-08-10 01:01:20,294 - root - INFO - Epoch: 57, whd_Loss: 21.8248
2023-08-10 01:09:15,939 - root - INFO - Epoch: 58, train_Loss: 14.6274
2023-08-10 01:09:15,964 - root - INFO - Epoch: 58, hmap_Loss: 6.4952
2023-08-10 01:09:15,967 - root - INFO - Epoch: 58, r_Loss: 0.6865
2023-08-10 01:09:15,969 - root - INFO - Epoch: 58, whd_Loss: 102.4591
2023-08-10 01:17:10,979 - root - INFO - Epoch: 59, train_Loss: 14.1724
2023-08-10 01:17:11,011 - root - INFO - Epoch: 59, hmap_Loss: 2.9554
2023-08-10 01:17:11,013 - root - INFO - Epoch: 59, r_Loss: 0.8354
2023-08-10 01:17:11,015 - root - INFO - Epoch: 59, whd_Loss: 22.6959
2023-08-10 01:17:45,559 - root - INFO - Epoch: 60, valid_Loss: 14.7991
2023-08-10 01:17:45,577 - root - INFO - Epoch: 60, valid_hmap_Loss: 137.8869
2023-08-10 01:17:45,579 - root - INFO - Epoch: 60, valid_r_Loss: 38.4386
2023-08-10 01:17:45,581 - root - INFO - Epoch: 60, valid_whd_Loss: 564.7955
2023-08-10 01:25:42,670 - root - INFO - Epoch: 60, train_Loss: 13.9405
2023-08-10 01:25:42,709 - root - INFO - Epoch: 60, hmap_Loss: 1.7150
2023-08-10 01:25:42,711 - root - INFO - Epoch: 60, r_Loss: 0.5420
2023-08-10 01:25:42,713 - root - INFO - Epoch: 60, whd_Loss: 2.8279
2023-08-10 01:33:37,890 - root - INFO - Epoch: 61, train_Loss: 14.1027
2023-08-10 01:33:37,926 - root - INFO - Epoch: 61, hmap_Loss: 3.7881
2023-08-10 01:33:37,928 - root - INFO - Epoch: 61, r_Loss: 0.5027
2023-08-10 01:33:37,930 - root - INFO - Epoch: 61, whd_Loss: 11.1831
2023-08-10 01:41:32,845 - root - INFO - Epoch: 62, train_Loss: 14.1444
2023-08-10 01:41:32,881 - root - INFO - Epoch: 62, hmap_Loss: 1.7235
2023-08-10 01:41:32,883 - root - INFO - Epoch: 62, r_Loss: 0.3049
2023-08-10 01:41:32,885 - root - INFO - Epoch: 62, whd_Loss: 5.0021
2023-08-10 01:49:28,679 - root - INFO - Epoch: 63, train_Loss: 14.4697
2023-08-10 01:49:28,776 - root - INFO - Epoch: 63, hmap_Loss: 0.2884
2023-08-10 01:49:28,780 - root - INFO - Epoch: 63, r_Loss: 0.0000
2023-08-10 01:49:28,784 - root - INFO - Epoch: 63, whd_Loss: 0.0000
2023-08-10 01:57:24,216 - root - INFO - Epoch: 64, train_Loss: 14.1426
2023-08-10 01:57:24,257 - root - INFO - Epoch: 64, hmap_Loss: 1.3492
2023-08-10 01:57:24,259 - root - INFO - Epoch: 64, r_Loss: 1.0920
2023-08-10 01:57:24,261 - root - INFO - Epoch: 64, whd_Loss: 2.4605
2023-08-10 02:05:19,413 - root - INFO - Epoch: 65, train_Loss: 13.8267
2023-08-10 02:05:19,490 - root - INFO - Epoch: 65, hmap_Loss: 4.2074
2023-08-10 02:05:19,492 - root - INFO - Epoch: 65, r_Loss: 0.6966
2023-08-10 02:05:19,495 - root - INFO - Epoch: 65, whd_Loss: 7.3970
2023-08-10 02:13:14,379 - root - INFO - Epoch: 66, train_Loss: 13.3791
2023-08-10 02:13:14,400 - root - INFO - Epoch: 66, hmap_Loss: 0.3501
2023-08-10 02:13:14,402 - root - INFO - Epoch: 66, r_Loss: 0.0000
2023-08-10 02:13:14,405 - root - INFO - Epoch: 66, whd_Loss: 0.0000
2023-08-10 02:21:21,910 - root - INFO - Epoch: 67, train_Loss: 21.7260
2023-08-10 02:21:21,946 - root - INFO - Epoch: 67, hmap_Loss: 4.6377
2023-08-10 02:21:21,948 - root - INFO - Epoch: 67, r_Loss: 0.8217
2023-08-10 02:21:21,950 - root - INFO - Epoch: 67, whd_Loss: 7.5420
2023-08-10 02:29:17,026 - root - INFO - Epoch: 68, train_Loss: 21.9224
2023-08-10 02:29:17,061 - root - INFO - Epoch: 68, hmap_Loss: 4.7742
2023-08-10 02:29:17,063 - root - INFO - Epoch: 68, r_Loss: 0.9935
2023-08-10 02:29:17,065 - root - INFO - Epoch: 68, whd_Loss: 5.0425
2023-08-10 02:37:11,678 - root - INFO - Epoch: 69, train_Loss: 20.9121
2023-08-10 02:37:11,713 - root - INFO - Epoch: 69, hmap_Loss: 2.9753
2023-08-10 02:37:11,716 - root - INFO - Epoch: 69, r_Loss: 0.4792
2023-08-10 02:37:11,718 - root - INFO - Epoch: 69, whd_Loss: 8.5665
2023-08-10 02:37:45,235 - root - INFO - Epoch: 70, valid_Loss: 20.7792
2023-08-10 02:37:45,259 - root - INFO - Epoch: 70, valid_hmap_Loss: 201.2367
2023-08-10 02:37:45,261 - root - INFO - Epoch: 70, valid_r_Loss: 35.2828
2023-08-10 02:37:45,273 - root - INFO - Epoch: 70, valid_whd_Loss: 598.3258
2023-08-10 02:45:40,086 - root - INFO - Epoch: 70, train_Loss: 19.5410
2023-08-10 02:45:40,119 - root - INFO - Epoch: 70, hmap_Loss: 3.4523
2023-08-10 02:45:40,122 - root - INFO - Epoch: 70, r_Loss: 0.5435
2023-08-10 02:45:40,124 - root - INFO - Epoch: 70, whd_Loss: 1.7944
2023-08-10 02:53:34,698 - root - INFO - Epoch: 71, train_Loss: 19.7434
2023-08-10 02:53:34,716 - root - INFO - Epoch: 71, hmap_Loss: 0.1894
2023-08-10 02:53:34,718 - root - INFO - Epoch: 71, r_Loss: 0.0000
2023-08-10 02:53:34,720 - root - INFO - Epoch: 71, whd_Loss: 0.0000
2023-08-10 03:01:29,175 - root - INFO - Epoch: 72, train_Loss: 18.3225
2023-08-10 03:01:29,215 - root - INFO - Epoch: 72, hmap_Loss: 0.4992
2023-08-10 03:01:29,217 - root - INFO - Epoch: 72, r_Loss: 0.0000
2023-08-10 03:01:29,219 - root - INFO - Epoch: 72, whd_Loss: 0.0000
2023-08-10 03:09:23,739 - root - INFO - Epoch: 73, train_Loss: 16.8747
2023-08-10 03:09:23,776 - root - INFO - Epoch: 73, hmap_Loss: 0.2262
2023-08-10 03:09:23,779 - root - INFO - Epoch: 73, r_Loss: 0.0000
2023-08-10 03:09:23,780 - root - INFO - Epoch: 73, whd_Loss: 0.0000
2023-08-10 03:17:19,295 - root - INFO - Epoch: 74, train_Loss: 15.2093
2023-08-10 03:17:19,336 - root - INFO - Epoch: 74, hmap_Loss: 4.0257
2023-08-10 03:17:19,338 - root - INFO - Epoch: 74, r_Loss: 0.5406
2023-08-10 03:17:19,340 - root - INFO - Epoch: 74, whd_Loss: 11.6125
2023-08-10 03:25:14,770 - root - INFO - Epoch: 75, train_Loss: 14.6883
2023-08-10 03:25:14,805 - root - INFO - Epoch: 75, hmap_Loss: 1.0082
2023-08-10 03:25:14,807 - root - INFO - Epoch: 75, r_Loss: 0.5821
2023-08-10 03:25:14,811 - root - INFO - Epoch: 75, whd_Loss: 3.5145
2023-08-10 03:33:10,057 - root - INFO - Epoch: 76, train_Loss: 14.1366
2023-08-10 03:33:10,088 - root - INFO - Epoch: 76, hmap_Loss: 5.3954
2023-08-10 03:33:10,090 - root - INFO - Epoch: 76, r_Loss: 0.5371
2023-08-10 03:33:10,092 - root - INFO - Epoch: 76, whd_Loss: 5.6682
2023-08-10 03:41:04,970 - root - INFO - Epoch: 77, train_Loss: 13.5444
2023-08-10 03:41:05,015 - root - INFO - Epoch: 77, hmap_Loss: 1.4398
2023-08-10 03:41:05,017 - root - INFO - Epoch: 77, r_Loss: 0.5732
2023-08-10 03:41:05,019 - root - INFO - Epoch: 77, whd_Loss: 5.9468
2023-08-10 03:49:03,139 - root - INFO - Epoch: 78, train_Loss: 13.2342
2023-08-10 03:49:03,209 - root - INFO - Epoch: 78, hmap_Loss: 1.9409
2023-08-10 03:49:03,211 - root - INFO - Epoch: 78, r_Loss: 0.4352
2023-08-10 03:49:03,213 - root - INFO - Epoch: 78, whd_Loss: 8.0915
2023-08-10 03:56:59,704 - root - INFO - Epoch: 79, train_Loss: 12.8884
2023-08-10 03:56:59,835 - root - INFO - Epoch: 79, hmap_Loss: 2.3160
2023-08-10 03:56:59,838 - root - INFO - Epoch: 79, r_Loss: 0.8138
2023-08-10 03:56:59,839 - root - INFO - Epoch: 79, whd_Loss: 3.5367
2023-08-10 03:57:33,674 - root - INFO - Epoch: 80, valid_Loss: 15.3119
2023-08-10 03:57:33,702 - root - INFO - Epoch: 80, valid_hmap_Loss: 144.4180
2023-08-10 03:57:33,706 - root - INFO - Epoch: 80, valid_r_Loss: 36.3965
2023-08-10 03:57:33,710 - root - INFO - Epoch: 80, valid_whd_Loss: 530.4195
2023-08-10 04:05:28,985 - root - INFO - Epoch: 80, train_Loss: 12.9665
2023-08-10 04:05:29,127 - root - INFO - Epoch: 80, hmap_Loss: 6.9637
2023-08-10 04:05:29,129 - root - INFO - Epoch: 80, r_Loss: 1.1727
2023-08-10 04:05:29,131 - root - INFO - Epoch: 80, whd_Loss: 13.1229
2023-08-10 04:13:24,331 - root - INFO - Epoch: 81, train_Loss: 13.4505
2023-08-10 04:13:24,409 - root - INFO - Epoch: 81, hmap_Loss: 1.1201
2023-08-10 04:13:24,411 - root - INFO - Epoch: 81, r_Loss: 1.2131
2023-08-10 04:13:24,413 - root - INFO - Epoch: 81, whd_Loss: 7.5309
2023-08-10 04:21:18,757 - root - INFO - Epoch: 82, train_Loss: 12.7957
2023-08-10 04:21:18,834 - root - INFO - Epoch: 82, hmap_Loss: 1.8552
2023-08-10 04:21:18,837 - root - INFO - Epoch: 82, r_Loss: 1.0501
2023-08-10 04:21:18,843 - root - INFO - Epoch: 82, whd_Loss: 7.3816
2023-08-10 04:29:14,740 - root - INFO - Epoch: 83, train_Loss: 12.4675
2023-08-10 04:29:14,776 - root - INFO - Epoch: 83, hmap_Loss: 4.3601
2023-08-10 04:29:14,778 - root - INFO - Epoch: 83, r_Loss: 0.6710
2023-08-10 04:29:14,780 - root - INFO - Epoch: 83, whd_Loss: 40.5037
2023-08-10 04:37:10,107 - root - INFO - Epoch: 84, train_Loss: 11.7601
2023-08-10 04:37:10,144 - root - INFO - Epoch: 84, hmap_Loss: 1.1683
2023-08-10 04:37:10,147 - root - INFO - Epoch: 84, r_Loss: 0.7022
2023-08-10 04:37:10,150 - root - INFO - Epoch: 84, whd_Loss: 2.3199
2023-08-10 04:45:09,111 - root - INFO - Epoch: 85, train_Loss: 12.3534
2023-08-10 04:45:09,148 - root - INFO - Epoch: 85, hmap_Loss: 1.0096
2023-08-10 04:45:09,152 - root - INFO - Epoch: 85, r_Loss: 0.4337
2023-08-10 04:45:09,154 - root - INFO - Epoch: 85, whd_Loss: 7.4197
2023-08-10 04:53:04,253 - root - INFO - Epoch: 86, train_Loss: 11.7107
2023-08-10 04:53:04,285 - root - INFO - Epoch: 86, hmap_Loss: 0.4724
2023-08-10 04:53:04,287 - root - INFO - Epoch: 86, r_Loss: 0.3808
2023-08-10 04:53:04,289 - root - INFO - Epoch: 86, whd_Loss: 6.3006
2023-08-10 05:00:58,519 - root - INFO - Epoch: 87, train_Loss: 12.1945
2023-08-10 05:00:58,567 - root - INFO - Epoch: 87, hmap_Loss: 3.3380
2023-08-10 05:00:58,569 - root - INFO - Epoch: 87, r_Loss: 0.4787
2023-08-10 05:00:58,570 - root - INFO - Epoch: 87, whd_Loss: 2.8169
2023-08-10 05:08:52,736 - root - INFO - Epoch: 88, train_Loss: 12.2852
2023-08-10 05:08:52,772 - root - INFO - Epoch: 88, hmap_Loss: 0.9160
2023-08-10 05:08:52,775 - root - INFO - Epoch: 88, r_Loss: 0.5879
2023-08-10 05:08:52,776 - root - INFO - Epoch: 88, whd_Loss: 0.3328
2023-08-10 05:16:47,720 - root - INFO - Epoch: 89, train_Loss: 11.3203
2023-08-10 05:16:47,756 - root - INFO - Epoch: 89, hmap_Loss: 0.7407
2023-08-10 05:16:47,759 - root - INFO - Epoch: 89, r_Loss: 1.3427
2023-08-10 05:16:47,761 - root - INFO - Epoch: 89, whd_Loss: 5.6843
2023-08-10 05:17:21,861 - root - INFO - Epoch: 90, valid_Loss: 12.6155
2023-08-10 05:17:21,908 - root - INFO - Epoch: 90, valid_hmap_Loss: 115.9114
2023-08-10 05:17:21,910 - root - INFO - Epoch: 90, valid_r_Loss: 33.8861
2023-08-10 05:17:21,912 - root - INFO - Epoch: 90, valid_whd_Loss: 551.7846
2023-08-10 05:25:19,946 - root - INFO - Epoch: 90, train_Loss: 11.9934
2023-08-10 05:25:19,996 - root - INFO - Epoch: 90, hmap_Loss: 0.5703
2023-08-10 05:25:20,001 - root - INFO - Epoch: 90, r_Loss: 0.3596
2023-08-10 05:25:20,003 - root - INFO - Epoch: 90, whd_Loss: 0.5173
2023-08-10 05:33:14,293 - root - INFO - Epoch: 91, train_Loss: 11.6905
2023-08-10 05:33:14,329 - root - INFO - Epoch: 91, hmap_Loss: 0.0691
2023-08-10 05:33:14,331 - root - INFO - Epoch: 91, r_Loss: 0.0000
2023-08-10 05:33:14,333 - root - INFO - Epoch: 91, whd_Loss: 0.0000
2023-08-10 05:41:10,046 - root - INFO - Epoch: 92, train_Loss: 11.9797
2023-08-10 05:41:10,083 - root - INFO - Epoch: 92, hmap_Loss: 5.2438
2023-08-10 05:41:10,085 - root - INFO - Epoch: 92, r_Loss: 0.7953
2023-08-10 05:41:10,087 - root - INFO - Epoch: 92, whd_Loss: 0.3497
2023-08-10 05:49:05,981 - root - INFO - Epoch: 93, train_Loss: 12.0144
2023-08-10 05:49:06,061 - root - INFO - Epoch: 93, hmap_Loss: 1.4746
2023-08-10 05:49:06,066 - root - INFO - Epoch: 93, r_Loss: 0.4843
2023-08-10 05:49:06,068 - root - INFO - Epoch: 93, whd_Loss: 4.1051
2023-08-10 05:57:14,987 - root - INFO - Epoch: 94, train_Loss: 11.6673
2023-08-10 05:57:15,025 - root - INFO - Epoch: 94, hmap_Loss: 1.3983
2023-08-10 05:57:15,027 - root - INFO - Epoch: 94, r_Loss: 0.6039
2023-08-10 05:57:15,029 - root - INFO - Epoch: 94, whd_Loss: 5.2756
2023-08-10 06:05:09,756 - root - INFO - Epoch: 95, train_Loss: 11.6560
2023-08-10 06:05:09,804 - root - INFO - Epoch: 95, hmap_Loss: 4.8841
2023-08-10 06:05:09,808 - root - INFO - Epoch: 95, r_Loss: 0.8998
2023-08-10 06:05:09,811 - root - INFO - Epoch: 95, whd_Loss: 7.0253
2023-08-10 06:13:22,874 - root - INFO - Epoch: 96, train_Loss: 11.2066
2023-08-10 06:13:22,913 - root - INFO - Epoch: 96, hmap_Loss: 0.4433
2023-08-10 06:13:22,915 - root - INFO - Epoch: 96, r_Loss: 0.1938
2023-08-10 06:13:22,917 - root - INFO - Epoch: 96, whd_Loss: 2.0361
2023-08-10 06:21:19,334 - root - INFO - Epoch: 97, train_Loss: 11.4382
2023-08-10 06:21:19,382 - root - INFO - Epoch: 97, hmap_Loss: 3.0377
2023-08-10 06:21:19,384 - root - INFO - Epoch: 97, r_Loss: 0.8593
2023-08-10 06:21:19,388 - root - INFO - Epoch: 97, whd_Loss: 2.4446
2023-08-10 06:29:14,095 - root - INFO - Epoch: 98, train_Loss: 11.0920
2023-08-10 06:29:14,137 - root - INFO - Epoch: 98, hmap_Loss: 2.7124
2023-08-10 06:29:14,139 - root - INFO - Epoch: 98, r_Loss: 0.4771
2023-08-10 06:29:14,140 - root - INFO - Epoch: 98, whd_Loss: 4.1324
2023-08-10 06:37:08,271 - root - INFO - Epoch: 99, train_Loss: 11.1362
2023-08-10 06:37:08,292 - root - INFO - Epoch: 99, hmap_Loss: 0.8957
2023-08-10 06:37:08,294 - root - INFO - Epoch: 99, r_Loss: 0.4908
2023-08-10 06:37:08,297 - root - INFO - Epoch: 99, whd_Loss: 3.6049
2023-08-10 06:37:41,779 - root - INFO - Epoch: 100, valid_Loss: 11.5819
2023-08-10 06:37:41,799 - root - INFO - Epoch: 100, valid_hmap_Loss: 101.7900
2023-08-10 06:37:41,801 - root - INFO - Epoch: 100, valid_r_Loss: 35.6981
2023-08-10 06:37:41,803 - root - INFO - Epoch: 100, valid_whd_Loss: 691.9189
2023-08-10 06:45:39,009 - root - INFO - Epoch: 100, train_Loss: 11.0271
2023-08-10 06:45:39,050 - root - INFO - Epoch: 100, hmap_Loss: 2.7899
2023-08-10 06:45:39,055 - root - INFO - Epoch: 100, r_Loss: 0.7720
2023-08-10 06:45:39,056 - root - INFO - Epoch: 100, whd_Loss: 7.9805
2023-08-10 06:53:33,863 - root - INFO - Epoch: 101, train_Loss: 10.8606
2023-08-10 06:53:33,899 - root - INFO - Epoch: 101, hmap_Loss: 0.9242
2023-08-10 06:53:33,901 - root - INFO - Epoch: 101, r_Loss: 0.7860
2023-08-10 06:53:33,903 - root - INFO - Epoch: 101, whd_Loss: 3.1769
2023-08-10 07:01:29,318 - root - INFO - Epoch: 102, train_Loss: 11.1366
2023-08-10 07:01:29,359 - root - INFO - Epoch: 102, hmap_Loss: 0.0823
2023-08-10 07:01:29,361 - root - INFO - Epoch: 102, r_Loss: 0.0000
2023-08-10 07:01:29,363 - root - INFO - Epoch: 102, whd_Loss: 0.0000
2023-08-10 07:09:22,638 - root - INFO - Epoch: 103, train_Loss: 11.0123
2023-08-10 07:09:22,731 - root - INFO - Epoch: 103, hmap_Loss: 1.4374
2023-08-10 07:09:22,734 - root - INFO - Epoch: 103, r_Loss: 0.3531
2023-08-10 07:09:22,735 - root - INFO - Epoch: 103, whd_Loss: 3.6421
2023-08-10 07:17:17,910 - root - INFO - Epoch: 104, train_Loss: 10.8470
2023-08-10 07:17:17,958 - root - INFO - Epoch: 104, hmap_Loss: 0.7434
2023-08-10 07:17:17,960 - root - INFO - Epoch: 104, r_Loss: 0.0000
2023-08-10 07:17:17,962 - root - INFO - Epoch: 104, whd_Loss: 0.0000
2023-08-10 07:25:12,261 - root - INFO - Epoch: 105, train_Loss: 10.9360
2023-08-10 07:25:12,299 - root - INFO - Epoch: 105, hmap_Loss: 4.4337
2023-08-10 07:25:12,301 - root - INFO - Epoch: 105, r_Loss: 0.2370
2023-08-10 07:25:12,302 - root - INFO - Epoch: 105, whd_Loss: 10.7071
2023-08-10 07:33:07,819 - root - INFO - Epoch: 106, train_Loss: 10.4388
2023-08-10 07:33:07,849 - root - INFO - Epoch: 106, hmap_Loss: 1.4342
2023-08-10 07:33:07,851 - root - INFO - Epoch: 106, r_Loss: 0.5826
2023-08-10 07:33:07,853 - root - INFO - Epoch: 106, whd_Loss: 10.5972
2023-08-10 07:41:02,699 - root - INFO - Epoch: 107, train_Loss: 10.6696
2023-08-10 07:41:02,765 - root - INFO - Epoch: 107, hmap_Loss: 2.5449
2023-08-10 07:41:02,767 - root - INFO - Epoch: 107, r_Loss: 0.6684
2023-08-10 07:41:02,768 - root - INFO - Epoch: 107, whd_Loss: 8.4174
2023-08-10 07:48:58,189 - root - INFO - Epoch: 108, train_Loss: 10.4132
2023-08-10 07:48:58,208 - root - INFO - Epoch: 108, hmap_Loss: 1.6037
2023-08-10 07:48:58,210 - root - INFO - Epoch: 108, r_Loss: 0.4166
2023-08-10 07:48:58,212 - root - INFO - Epoch: 108, whd_Loss: 6.8204
2023-08-10 07:56:54,034 - root - INFO - Epoch: 109, train_Loss: 10.8691
2023-08-10 07:56:54,052 - root - INFO - Epoch: 109, hmap_Loss: 1.5563
2023-08-10 07:56:54,056 - root - INFO - Epoch: 109, r_Loss: 0.8146
2023-08-10 07:56:54,057 - root - INFO - Epoch: 109, whd_Loss: 4.6882
2023-08-10 07:57:27,150 - root - INFO - Epoch: 110, valid_Loss: 13.1226
2023-08-10 07:57:27,153 - root - INFO - Epoch: 110, valid_hmap_Loss: 120.5872
2023-08-10 07:57:27,155 - root - INFO - Epoch: 110, valid_r_Loss: 33.9010
2023-08-10 07:57:27,159 - root - INFO - Epoch: 110, valid_whd_Loss: 586.5822
2023-08-10 08:05:23,838 - root - INFO - Epoch: 110, train_Loss: 10.7686
2023-08-10 08:05:23,855 - root - INFO - Epoch: 110, hmap_Loss: 3.7066
2023-08-10 08:05:23,857 - root - INFO - Epoch: 110, r_Loss: 0.9247
2023-08-10 08:05:23,859 - root - INFO - Epoch: 110, whd_Loss: 10.3344
2023-08-10 08:13:20,324 - root - INFO - Epoch: 111, train_Loss: 10.1658
2023-08-10 08:13:20,341 - root - INFO - Epoch: 111, hmap_Loss: 0.5507
2023-08-10 08:13:20,344 - root - INFO - Epoch: 111, r_Loss: 0.8196
2023-08-10 08:13:20,346 - root - INFO - Epoch: 111, whd_Loss: 4.4245
2023-08-10 08:21:18,341 - root - INFO - Epoch: 112, train_Loss: 10.8661
2023-08-10 08:21:18,357 - root - INFO - Epoch: 112, hmap_Loss: 1.2661
2023-08-10 08:21:18,359 - root - INFO - Epoch: 112, r_Loss: 0.5184
2023-08-10 08:21:18,360 - root - INFO - Epoch: 112, whd_Loss: 11.0421
2023-08-10 08:29:15,499 - root - INFO - Epoch: 113, train_Loss: 10.6455
2023-08-10 08:29:15,521 - root - INFO - Epoch: 113, hmap_Loss: 1.2442
2023-08-10 08:29:15,525 - root - INFO - Epoch: 113, r_Loss: 0.7111
2023-08-10 08:29:15,527 - root - INFO - Epoch: 113, whd_Loss: 2.2683
2023-08-10 08:37:14,433 - root - INFO - Epoch: 114, train_Loss: 10.8666
2023-08-10 08:37:14,446 - root - INFO - Epoch: 114, hmap_Loss: 1.0274
2023-08-10 08:37:14,449 - root - INFO - Epoch: 114, r_Loss: 0.9833
2023-08-10 08:37:14,451 - root - INFO - Epoch: 114, whd_Loss: 11.1768
2023-08-10 08:45:11,333 - root - INFO - Epoch: 115, train_Loss: 10.2837
2023-08-10 08:45:11,350 - root - INFO - Epoch: 115, hmap_Loss: 0.0509
2023-08-10 08:45:11,351 - root - INFO - Epoch: 115, r_Loss: 0.0000
2023-08-10 08:45:11,353 - root - INFO - Epoch: 115, whd_Loss: 0.0000
2023-08-10 08:53:08,545 - root - INFO - Epoch: 116, train_Loss: 10.5104
2023-08-10 08:53:08,563 - root - INFO - Epoch: 116, hmap_Loss: 6.0472
2023-08-10 08:53:08,565 - root - INFO - Epoch: 116, r_Loss: 0.5895
2023-08-10 08:53:08,567 - root - INFO - Epoch: 116, whd_Loss: 16.6649
2023-08-10 09:01:05,831 - root - INFO - Epoch: 117, train_Loss: 10.2994
2023-08-10 09:01:05,850 - root - INFO - Epoch: 117, hmap_Loss: 2.1510
2023-08-10 09:01:05,852 - root - INFO - Epoch: 117, r_Loss: 0.8234
2023-08-10 09:01:05,853 - root - INFO - Epoch: 117, whd_Loss: 13.5155
2023-08-10 09:09:02,210 - root - INFO - Epoch: 118, train_Loss: 10.8764
2023-08-10 09:09:02,220 - root - INFO - Epoch: 118, hmap_Loss: 2.6896
2023-08-10 09:09:02,222 - root - INFO - Epoch: 118, r_Loss: 0.9014
2023-08-10 09:09:02,223 - root - INFO - Epoch: 118, whd_Loss: 1.6244
2023-08-10 09:16:59,199 - root - INFO - Epoch: 119, train_Loss: 10.5719
2023-08-10 09:16:59,223 - root - INFO - Epoch: 119, hmap_Loss: 3.8676
2023-08-10 09:16:59,229 - root - INFO - Epoch: 119, r_Loss: 0.5193
2023-08-10 09:16:59,231 - root - INFO - Epoch: 119, whd_Loss: 6.8263
2023-08-10 09:17:33,675 - root - INFO - Epoch: 120, valid_Loss: 12.0039
2023-08-10 09:17:33,677 - root - INFO - Epoch: 120, valid_hmap_Loss: 109.6011
2023-08-10 09:17:33,680 - root - INFO - Epoch: 120, valid_r_Loss: 32.7504
2023-08-10 09:17:33,682 - root - INFO - Epoch: 120, valid_whd_Loss: 554.4903
2023-08-10 09:25:30,071 - root - INFO - Epoch: 120, train_Loss: 10.4483
2023-08-10 09:25:30,102 - root - INFO - Epoch: 120, hmap_Loss: 1.9287
2023-08-10 09:25:30,106 - root - INFO - Epoch: 120, r_Loss: 0.5231
2023-08-10 09:25:30,107 - root - INFO - Epoch: 120, whd_Loss: 2.0320
2023-08-10 09:33:27,425 - root - INFO - Epoch: 121, train_Loss: 10.7223
2023-08-10 09:33:27,451 - root - INFO - Epoch: 121, hmap_Loss: 4.7324
2023-08-10 09:33:27,453 - root - INFO - Epoch: 121, r_Loss: 0.5642
2023-08-10 09:33:27,455 - root - INFO - Epoch: 121, whd_Loss: 14.9019
2023-08-10 09:41:25,142 - root - INFO - Epoch: 122, train_Loss: 9.9311
2023-08-10 09:41:25,178 - root - INFO - Epoch: 122, hmap_Loss: 0.4785
2023-08-10 09:41:25,180 - root - INFO - Epoch: 122, r_Loss: 1.0181
2023-08-10 09:41:25,183 - root - INFO - Epoch: 122, whd_Loss: 5.0470
2023-08-10 09:49:22,600 - root - INFO - Epoch: 123, train_Loss: 10.8557
2023-08-10 09:49:22,626 - root - INFO - Epoch: 123, hmap_Loss: 0.9967
2023-08-10 09:49:22,628 - root - INFO - Epoch: 123, r_Loss: 0.6096
2023-08-10 09:49:22,629 - root - INFO - Epoch: 123, whd_Loss: 7.6727
2023-08-10 09:57:19,791 - root - INFO - Epoch: 124, train_Loss: 9.9879
2023-08-10 09:57:19,819 - root - INFO - Epoch: 124, hmap_Loss: 0.4127
2023-08-10 09:57:19,821 - root - INFO - Epoch: 124, r_Loss: 0.4678
2023-08-10 09:57:19,823 - root - INFO - Epoch: 124, whd_Loss: 5.4626
2023-08-10 10:05:17,051 - root - INFO - Epoch: 125, train_Loss: 10.0796
2023-08-10 10:05:17,093 - root - INFO - Epoch: 125, hmap_Loss: 0.8335
2023-08-10 10:05:17,097 - root - INFO - Epoch: 125, r_Loss: 1.4821
2023-08-10 10:05:17,099 - root - INFO - Epoch: 125, whd_Loss: 6.4153
2023-08-10 10:13:15,209 - root - INFO - Epoch: 126, train_Loss: 9.6487
2023-08-10 10:13:15,259 - root - INFO - Epoch: 126, hmap_Loss: 0.4455
2023-08-10 10:13:15,261 - root - INFO - Epoch: 126, r_Loss: 0.5315
2023-08-10 10:13:15,263 - root - INFO - Epoch: 126, whd_Loss: 5.3545
2023-08-10 10:21:11,696 - root - INFO - Epoch: 127, train_Loss: 9.9480
2023-08-10 10:21:11,754 - root - INFO - Epoch: 127, hmap_Loss: 0.1261
2023-08-10 10:21:11,757 - root - INFO - Epoch: 127, r_Loss: 0.0000
2023-08-10 10:21:11,760 - root - INFO - Epoch: 127, whd_Loss: 0.0000
2023-08-10 10:29:09,064 - root - INFO - Epoch: 128, train_Loss: 9.9189
2023-08-10 10:29:09,100 - root - INFO - Epoch: 128, hmap_Loss: 1.8468
2023-08-10 10:29:09,104 - root - INFO - Epoch: 128, r_Loss: 1.0148
2023-08-10 10:29:09,106 - root - INFO - Epoch: 128, whd_Loss: 19.1498
2023-08-10 10:37:05,920 - root - INFO - Epoch: 129, train_Loss: 9.9084
2023-08-10 10:37:05,951 - root - INFO - Epoch: 129, hmap_Loss: 2.8122
2023-08-10 10:37:05,953 - root - INFO - Epoch: 129, r_Loss: 0.5956
2023-08-10 10:37:05,955 - root - INFO - Epoch: 129, whd_Loss: 5.3953
2023-08-10 10:37:39,999 - root - INFO - Epoch: 130, valid_Loss: 12.9679
2023-08-10 10:37:40,002 - root - INFO - Epoch: 130, valid_hmap_Loss: 118.7100
2023-08-10 10:37:40,004 - root - INFO - Epoch: 130, valid_r_Loss: 38.3013
2023-08-10 10:37:40,006 - root - INFO - Epoch: 130, valid_whd_Loss: 554.4895
2023-08-10 10:45:37,821 - root - INFO - Epoch: 130, train_Loss: 9.9851
2023-08-10 10:45:37,856 - root - INFO - Epoch: 130, hmap_Loss: 3.9545
2023-08-10 10:45:37,858 - root - INFO - Epoch: 130, r_Loss: 1.1272
2023-08-10 10:45:37,860 - root - INFO - Epoch: 130, whd_Loss: 3.9748
2023-08-10 10:53:34,895 - root - INFO - Epoch: 131, train_Loss: 9.6025
2023-08-10 10:53:34,933 - root - INFO - Epoch: 131, hmap_Loss: 2.1722
2023-08-10 10:53:34,935 - root - INFO - Epoch: 131, r_Loss: 0.8934
2023-08-10 10:53:34,937 - root - INFO - Epoch: 131, whd_Loss: 6.9981
2023-08-10 11:01:32,469 - root - INFO - Epoch: 132, train_Loss: 9.8402
2023-08-10 11:01:32,540 - root - INFO - Epoch: 132, hmap_Loss: 3.3623
2023-08-10 11:01:32,544 - root - INFO - Epoch: 132, r_Loss: 0.8343
2023-08-10 11:01:32,547 - root - INFO - Epoch: 132, whd_Loss: 9.3054
2023-08-10 11:09:30,205 - root - INFO - Epoch: 133, train_Loss: 10.2416
2023-08-10 11:09:30,238 - root - INFO - Epoch: 133, hmap_Loss: 0.9788
2023-08-10 11:09:30,240 - root - INFO - Epoch: 133, r_Loss: 0.6095
2023-08-10 11:09:30,241 - root - INFO - Epoch: 133, whd_Loss: 8.4956
2023-08-10 11:17:27,133 - root - INFO - Epoch: 134, train_Loss: 9.5870
2023-08-10 11:17:27,178 - root - INFO - Epoch: 134, hmap_Loss: 1.7683
2023-08-10 11:17:27,181 - root - INFO - Epoch: 134, r_Loss: 0.4722
2023-08-10 11:17:27,183 - root - INFO - Epoch: 134, whd_Loss: 9.7424
2023-08-10 11:25:24,985 - root - INFO - Epoch: 135, train_Loss: 9.7348
2023-08-10 11:25:25,026 - root - INFO - Epoch: 135, hmap_Loss: 2.3374
2023-08-10 11:25:25,028 - root - INFO - Epoch: 135, r_Loss: 0.8334
2023-08-10 11:25:25,030 - root - INFO - Epoch: 135, whd_Loss: 8.3818
2023-08-10 11:33:23,589 - root - INFO - Epoch: 136, train_Loss: 9.9578
2023-08-10 11:33:23,617 - root - INFO - Epoch: 136, hmap_Loss: 1.7410
2023-08-10 11:33:23,619 - root - INFO - Epoch: 136, r_Loss: 0.9720
2023-08-10 11:33:23,623 - root - INFO - Epoch: 136, whd_Loss: 29.4511
2023-08-10 11:41:21,495 - root - INFO - Epoch: 137, train_Loss: 9.6676
2023-08-10 11:41:21,522 - root - INFO - Epoch: 137, hmap_Loss: 0.4949
2023-08-10 11:41:21,524 - root - INFO - Epoch: 137, r_Loss: 0.6726
2023-08-10 11:41:21,528 - root - INFO - Epoch: 137, whd_Loss: 10.6711
2023-08-10 11:49:19,676 - root - INFO - Epoch: 138, train_Loss: 9.9204
2023-08-10 11:49:19,706 - root - INFO - Epoch: 138, hmap_Loss: 0.8557
2023-08-10 11:49:19,708 - root - INFO - Epoch: 138, r_Loss: 1.0759
2023-08-10 11:49:19,710 - root - INFO - Epoch: 138, whd_Loss: 7.1538
2023-08-10 11:57:16,359 - root - INFO - Epoch: 139, train_Loss: 9.4147
2023-08-10 11:57:16,667 - root - INFO - Epoch: 139, hmap_Loss: 0.9209
2023-08-10 11:57:16,669 - root - INFO - Epoch: 139, r_Loss: 0.6408
2023-08-10 11:57:16,671 - root - INFO - Epoch: 139, whd_Loss: 16.9232
2023-08-10 11:57:49,939 - root - INFO - Epoch: 140, valid_Loss: 9.9025
2023-08-10 11:57:49,974 - root - INFO - Epoch: 140, valid_hmap_Loss: 86.5933
2023-08-10 11:57:49,977 - root - INFO - Epoch: 140, valid_r_Loss: 33.6793
2023-08-10 11:57:49,980 - root - INFO - Epoch: 140, valid_whd_Loss: 581.8647
2023-08-10 12:05:51,433 - root - INFO - Epoch: 140, train_Loss: 10.0893
2023-08-10 12:05:51,468 - root - INFO - Epoch: 140, hmap_Loss: 1.5781
2023-08-10 12:05:51,470 - root - INFO - Epoch: 140, r_Loss: 0.4020
2023-08-10 12:05:51,471 - root - INFO - Epoch: 140, whd_Loss: 2.1962
2023-08-10 12:13:50,186 - root - INFO - Epoch: 141, train_Loss: 9.9846
2023-08-10 12:13:50,237 - root - INFO - Epoch: 141, hmap_Loss: 3.3256
2023-08-10 12:13:50,240 - root - INFO - Epoch: 141, r_Loss: 0.5476
2023-08-10 12:13:50,242 - root - INFO - Epoch: 141, whd_Loss: 23.3014
2023-08-10 12:21:48,030 - root - INFO - Epoch: 142, train_Loss: 9.7688
2023-08-10 12:21:48,078 - root - INFO - Epoch: 142, hmap_Loss: 0.5163
2023-08-10 12:21:48,082 - root - INFO - Epoch: 142, r_Loss: 1.2354
2023-08-10 12:21:48,086 - root - INFO - Epoch: 142, whd_Loss: 4.8186
2023-08-10 12:29:44,535 - root - INFO - Epoch: 143, train_Loss: 9.0839
2023-08-10 12:29:44,562 - root - INFO - Epoch: 143, hmap_Loss: 0.7378
2023-08-10 12:29:44,563 - root - INFO - Epoch: 143, r_Loss: 0.3498
2023-08-10 12:29:44,565 - root - INFO - Epoch: 143, whd_Loss: 3.1900
2023-08-10 12:37:42,500 - root - INFO - Epoch: 144, train_Loss: 9.3912
2023-08-10 12:37:42,542 - root - INFO - Epoch: 144, hmap_Loss: 1.1141
2023-08-10 12:37:42,551 - root - INFO - Epoch: 144, r_Loss: 0.8143
2023-08-10 12:37:42,553 - root - INFO - Epoch: 144, whd_Loss: 4.9225
2023-08-10 12:45:38,905 - root - INFO - Epoch: 145, train_Loss: 9.2530
2023-08-10 12:45:38,946 - root - INFO - Epoch: 145, hmap_Loss: 4.0637
2023-08-10 12:45:38,948 - root - INFO - Epoch: 145, r_Loss: 0.6227
2023-08-10 12:45:38,950 - root - INFO - Epoch: 145, whd_Loss: 4.3372
2023-08-10 12:53:46,631 - root - INFO - Epoch: 146, train_Loss: 9.2898
2023-08-10 12:53:46,669 - root - INFO - Epoch: 146, hmap_Loss: 1.5468
2023-08-10 12:53:46,672 - root - INFO - Epoch: 146, r_Loss: 0.8269
2023-08-10 12:53:46,675 - root - INFO - Epoch: 146, whd_Loss: 8.0096
2023-08-10 13:01:42,421 - root - INFO - Epoch: 147, train_Loss: 9.5321
2023-08-10 13:01:42,460 - root - INFO - Epoch: 147, hmap_Loss: 2.5980
2023-08-10 13:01:42,463 - root - INFO - Epoch: 147, r_Loss: 0.5137
2023-08-10 13:01:42,467 - root - INFO - Epoch: 147, whd_Loss: 13.1044
2023-08-10 13:09:39,477 - root - INFO - Epoch: 148, train_Loss: 8.9998
2023-08-10 13:09:39,501 - root - INFO - Epoch: 148, hmap_Loss: 0.3628
2023-08-10 13:09:39,503 - root - INFO - Epoch: 148, r_Loss: 0.8956
2023-08-10 13:09:39,506 - root - INFO - Epoch: 148, whd_Loss: 8.6157
2023-08-10 13:17:36,067 - root - INFO - Epoch: 149, train_Loss: 9.9049
2023-08-10 13:17:36,105 - root - INFO - Epoch: 149, hmap_Loss: 4.1845
2023-08-10 13:17:36,108 - root - INFO - Epoch: 149, r_Loss: 0.9945
2023-08-10 13:17:36,110 - root - INFO - Epoch: 149, whd_Loss: 8.8585
2023-08-10 13:18:09,511 - root - INFO - Epoch: 150, valid_Loss: 11.0368
2023-08-10 13:18:09,515 - root - INFO - Epoch: 150, valid_hmap_Loss: 98.8667
2023-08-10 13:18:09,518 - root - INFO - Epoch: 150, valid_r_Loss: 36.0931
2023-08-10 13:18:09,520 - root - INFO - Epoch: 150, valid_whd_Loss: 545.2421
2023-08-10 13:26:05,606 - root - INFO - Epoch: 150, train_Loss: 9.1955
2023-08-10 13:26:05,647 - root - INFO - Epoch: 150, hmap_Loss: 0.4027
2023-08-10 13:26:05,649 - root - INFO - Epoch: 150, r_Loss: 0.3330
2023-08-10 13:26:05,651 - root - INFO - Epoch: 150, whd_Loss: 3.9334
2023-08-10 13:34:02,490 - root - INFO - Epoch: 151, train_Loss: 9.1210
2023-08-10 13:34:02,590 - root - INFO - Epoch: 151, hmap_Loss: 3.1959
2023-08-10 13:34:02,592 - root - INFO - Epoch: 151, r_Loss: 0.7040
2023-08-10 13:34:02,596 - root - INFO - Epoch: 151, whd_Loss: 5.6515
2023-08-10 13:41:59,734 - root - INFO - Epoch: 152, train_Loss: 9.0791
2023-08-10 13:41:59,796 - root - INFO - Epoch: 152, hmap_Loss: 0.8160
2023-08-10 13:41:59,798 - root - INFO - Epoch: 152, r_Loss: 0.4767
2023-08-10 13:41:59,800 - root - INFO - Epoch: 152, whd_Loss: 2.1970
2023-08-10 13:49:56,728 - root - INFO - Epoch: 153, train_Loss: 9.0749
2023-08-10 13:49:56,764 - root - INFO - Epoch: 153, hmap_Loss: 0.6879
2023-08-10 13:49:56,768 - root - INFO - Epoch: 153, r_Loss: 0.3341
2023-08-10 13:49:56,770 - root - INFO - Epoch: 153, whd_Loss: 12.0005
2023-08-10 13:57:54,705 - root - INFO - Epoch: 154, train_Loss: 10.0876
2023-08-10 13:57:54,749 - root - INFO - Epoch: 154, hmap_Loss: 2.9678
2023-08-10 13:57:54,754 - root - INFO - Epoch: 154, r_Loss: 1.3358
2023-08-10 13:57:54,762 - root - INFO - Epoch: 154, whd_Loss: 1.0951
2023-08-10 14:05:52,046 - root - INFO - Epoch: 155, train_Loss: 9.7208
2023-08-10 14:05:52,082 - root - INFO - Epoch: 155, hmap_Loss: 2.6417
2023-08-10 14:05:52,084 - root - INFO - Epoch: 155, r_Loss: 0.8174
2023-08-10 14:05:52,086 - root - INFO - Epoch: 155, whd_Loss: 13.5546
2023-08-10 14:13:50,021 - root - INFO - Epoch: 156, train_Loss: 9.4641
2023-08-10 14:13:50,061 - root - INFO - Epoch: 156, hmap_Loss: 1.7642
2023-08-10 14:13:50,063 - root - INFO - Epoch: 156, r_Loss: 0.5907
2023-08-10 14:13:50,065 - root - INFO - Epoch: 156, whd_Loss: 5.1767
2023-08-10 14:21:48,659 - root - INFO - Epoch: 157, train_Loss: 9.2240
2023-08-10 14:21:48,700 - root - INFO - Epoch: 157, hmap_Loss: 4.0159
2023-08-10 14:21:48,705 - root - INFO - Epoch: 157, r_Loss: 0.9819
2023-08-10 14:21:48,707 - root - INFO - Epoch: 157, whd_Loss: 36.9108
2023-08-10 14:29:47,234 - root - INFO - Epoch: 158, train_Loss: 8.7694
2023-08-10 14:29:47,274 - root - INFO - Epoch: 158, hmap_Loss: 2.6661
2023-08-10 14:29:47,276 - root - INFO - Epoch: 158, r_Loss: 0.4036
2023-08-10 14:29:47,279 - root - INFO - Epoch: 158, whd_Loss: 3.9273
2023-08-10 14:37:44,907 - root - INFO - Epoch: 159, train_Loss: 9.0494
2023-08-10 14:37:44,942 - root - INFO - Epoch: 159, hmap_Loss: 3.7676
2023-08-10 14:37:44,944 - root - INFO - Epoch: 159, r_Loss: 0.3847
2023-08-10 14:37:44,946 - root - INFO - Epoch: 159, whd_Loss: 5.7947
2023-08-10 14:38:18,998 - root - INFO - Epoch: 160, valid_Loss: 9.1363
2023-08-10 14:38:19,016 - root - INFO - Epoch: 160, valid_hmap_Loss: 80.6474
2023-08-10 14:38:19,019 - root - INFO - Epoch: 160, valid_r_Loss: 32.2447
2023-08-10 14:38:19,023 - root - INFO - Epoch: 160, valid_whd_Loss: 487.4232
2023-08-10 14:46:20,665 - root - INFO - Epoch: 160, train_Loss: 8.8423
2023-08-10 14:46:20,703 - root - INFO - Epoch: 160, hmap_Loss: 1.1529
2023-08-10 14:46:20,705 - root - INFO - Epoch: 160, r_Loss: 1.3089
2023-08-10 14:46:20,706 - root - INFO - Epoch: 160, whd_Loss: 2.9608
2023-08-10 14:54:16,657 - root - INFO - Epoch: 161, train_Loss: 8.5676
2023-08-10 14:54:16,692 - root - INFO - Epoch: 161, hmap_Loss: 0.0823
2023-08-10 14:54:16,694 - root - INFO - Epoch: 161, r_Loss: 0.0000
2023-08-10 14:54:16,696 - root - INFO - Epoch: 161, whd_Loss: 0.0000
2023-08-10 15:02:13,909 - root - INFO - Epoch: 162, train_Loss: 8.8010
2023-08-10 15:02:13,955 - root - INFO - Epoch: 162, hmap_Loss: 1.1953
2023-08-10 15:02:13,960 - root - INFO - Epoch: 162, r_Loss: 0.5243
2023-08-10 15:02:13,962 - root - INFO - Epoch: 162, whd_Loss: 7.6437
2023-08-10 15:10:28,195 - root - INFO - Epoch: 163, train_Loss: 8.5475
2023-08-10 15:10:28,242 - root - INFO - Epoch: 163, hmap_Loss: 0.3667
2023-08-10 15:10:28,244 - root - INFO - Epoch: 163, r_Loss: 0.0000
2023-08-10 15:10:28,246 - root - INFO - Epoch: 163, whd_Loss: 0.0000
2023-08-10 15:18:25,196 - root - INFO - Epoch: 164, train_Loss: 8.7933
2023-08-10 15:18:25,227 - root - INFO - Epoch: 164, hmap_Loss: 1.5088
2023-08-10 15:18:25,231 - root - INFO - Epoch: 164, r_Loss: 0.0455
2023-08-10 15:18:25,236 - root - INFO - Epoch: 164, whd_Loss: 1.8825
